2021/07/27 15:28:40 [error] [exception.CHttpException.404] exception 'CHttpException' with message 'Невозможно обработать запрос "actuator/env".' in /var/www/vhosts/v-4762.webspace/www/c-k-a.kz/framework/web/CWebApplication.php:287
Stack trace:
#0 /var/www/vhosts/v-4762.webspace/www/c-k-a.kz/framework/web/CWebApplication.php(142): CWebApplication->runController('actuator/env')
#1 /var/www/vhosts/v-4762.webspace/www/c-k-a.kz/framework/base/CApplication.php(162): CWebApplication->processRequest()
#2 /var/www/vhosts/v-4762.webspace/www/c-k-a.kz/index.php(20): CApplication->run()
#3 {main}
REQUEST_URI=/actuator/env
---
2021/07/27 17:36:31 [error] [exception.CHttpException.404] exception 'CHttpException' with message 'Системе не удалось найти запрашиваемое действие "undefined".' in /var/www/vhosts/v-4762.webspace/www/c-k-a.kz/framework/web/CController.php:484
Stack trace:
#0 /var/www/vhosts/v-4762.webspace/www/c-k-a.kz/framework/web/CController.php(271): CController->missingAction('undefined')
#1 /var/www/vhosts/v-4762.webspace/www/c-k-a.kz/framework/web/CWebApplication.php(283): CController->run('undefined')
#2 /var/www/vhosts/v-4762.webspace/www/c-k-a.kz/framework/web/CWebApplication.php(142): CWebApplication->runController('view/undefined')
#3 /var/www/vhosts/v-4762.webspace/www/c-k-a.kz/framework/base/CApplication.php(162): CWebApplication->processRequest()
#4 /var/www/vhosts/v-4762.webspace/www/c-k-a.kz/index.php(20): CApplication->run()
#5 {main}
REQUEST_URI=/ru/view/undefined/skin/s3gt_tooltip_mini.css
HTTP_REFERER=https://c-k-a.kz/ru/view/497
---
2021/07/27 19:00:03 [error] [exception.CHttpException.404] exception 'CHttpException' with message 'Невозможно обработать запрос "wp-login.php".' in /var/www/vhosts/v-4762.webspace/www/c-k-a.kz/framework/web/CWebApplication.php:287
Stack trace:
#0 /var/www/vhosts/v-4762.webspace/www/c-k-a.kz/framework/web/CWebApplication.php(142): CWebApplication->runController('wp-login.php')
#1 /var/www/vhosts/v-4762.webspace/www/c-k-a.kz/framework/base/CApplication.php(162): CWebApplication->processRequest()
#2 /var/www/vhosts/v-4762.webspace/www/c-k-a.kz/index.php(20): CApplication->run()
#3 {main}
REQUEST_URI=/wp-login.php
---
2021/07/27 19:00:03 [error] [exception.CHttpException.404] exception 'CHttpException' with message 'Невозможно обработать запрос "xmlrpc.php".' in /var/www/vhosts/v-4762.webspace/www/c-k-a.kz/framework/web/CWebApplication.php:287
Stack trace:
#0 /var/www/vhosts/v-4762.webspace/www/c-k-a.kz/framework/web/CWebApplication.php(142): CWebApplication->runController('xmlrpc.php')
#1 /var/www/vhosts/v-4762.webspace/www/c-k-a.kz/framework/base/CApplication.php(162): CWebApplication->processRequest()
#2 /var/www/vhosts/v-4762.webspace/www/c-k-a.kz/index.php(20): CApplication->run()
#3 {main}
REQUEST_URI=/xmlrpc.php
---
2021/07/27 23:22:02 [error] [exception.CHttpException.404] exception 'CHttpException' with message 'Невозможно обработать запрос "wp-login.php".' in /var/www/vhosts/v-4762.webspace/www/c-k-a.kz/framework/web/CWebApplication.php:287
Stack trace:
#0 /var/www/vhosts/v-4762.webspace/www/c-k-a.kz/framework/web/CWebApplication.php(142): CWebApplication->runController('wp-login.php')
#1 /var/www/vhosts/v-4762.webspace/www/c-k-a.kz/framework/base/CApplication.php(162): CWebApplication->processRequest()
#2 /var/www/vhosts/v-4762.webspace/www/c-k-a.kz/index.php(20): CApplication->run()
#3 {main}
REQUEST_URI=/wp-login.php
---
2021/07/27 23:22:02 [error] [exception.CHttpException.404] exception 'CHttpException' with message 'Невозможно обработать запрос "xmlrpc.php".' in /var/www/vhosts/v-4762.webspace/www/c-k-a.kz/framework/web/CWebApplication.php:287
Stack trace:
#0 /var/www/vhosts/v-4762.webspace/www/c-k-a.kz/framework/web/CWebApplication.php(142): CWebApplication->runController('xmlrpc.php')
#1 /var/www/vhosts/v-4762.webspace/www/c-k-a.kz/framework/base/CApplication.php(162): CWebApplication->processRequest()
#2 /var/www/vhosts/v-4762.webspace/www/c-k-a.kz/index.php(20): CApplication->run()
#3 {main}
REQUEST_URI=/xmlrpc.php
---
2021/07/28 00:02:01 [error] [exception.CHttpException.404] exception 'CHttpException' with message 'Невозможно обработать запрос "wp-login.php".' in /var/www/vhosts/v-4762.webspace/www/c-k-a.kz/framework/web/CWebApplication.php:287
Stack trace:
#0 /var/www/vhosts/v-4762.webspace/www/c-k-a.kz/framework/web/CWebApplication.php(142): CWebApplication->runController('wp-login.php')
#1 /var/www/vhosts/v-4762.webspace/www/c-k-a.kz/framework/base/CApplication.php(162): CWebApplication->processRequest()
#2 /var/www/vhosts/v-4762.webspace/www/c-k-a.kz/index.php(20): CApplication->run()
#3 {main}
REQUEST_URI=/wp-login.php
---
2021/07/28 00:02:02 [error] [exception.CHttpException.404] exception 'CHttpException' with message 'Невозможно обработать запрос "xmlrpc.php".' in /var/www/vhosts/v-4762.webspace/www/c-k-a.kz/framework/web/CWebApplication.php:287
Stack trace:
#0 /var/www/vhosts/v-4762.webspace/www/c-k-a.kz/framework/web/CWebApplication.php(142): CWebApplication->runController('xmlrpc.php')
#1 /var/www/vhosts/v-4762.webspace/www/c-k-a.kz/framework/base/CApplication.php(162): CWebApplication->processRequest()
#2 /var/www/vhosts/v-4762.webspace/www/c-k-a.kz/index.php(20): CApplication->run()
#3 {main}
REQUEST_URI=/xmlrpc.php
---
2021/07/28 00:56:39 [error] [exception.CHttpException.404] exception 'CHttpException' with message 'Невозможно обработать запрос "ads.txt".' in /var/www/vhosts/v-4762.webspace/www/c-k-a.kz/framework/web/CWebApplication.php:287
Stack trace:
#0 /var/www/vhosts/v-4762.webspace/www/c-k-a.kz/framework/web/CWebApplication.php(142): CWebApplication->runController('ads.txt')
#1 /var/www/vhosts/v-4762.webspace/www/c-k-a.kz/framework/base/CApplication.php(162): CWebApplication->processRequest()
#2 /var/www/vhosts/v-4762.webspace/www/c-k-a.kz/index.php(20): CApplication->run()
#3 {main}
REQUEST_URI=/ads.txt
---
2021/07/28 01:05:29 [error] [exception.CHttpException.404] exception 'CHttpException' with message 'Невозможно обработать запрос "wp-includes/wlwmanifest.xml".' in /var/www/vhosts/v-4762.webspace/www/c-k-a.kz/framework/web/CWebApplication.php:287
Stack trace:
#0 /var/www/vhosts/v-4762.webspace/www/c-k-a.kz/framework/web/CWebApplication.php(142): CWebApplication->runController('wp-includes/wlw...')
#1 /var/www/vhosts/v-4762.webspace/www/c-k-a.kz/framework/base/CApplication.php(162): CWebApplication->processRequest()
#2 /var/www/vhosts/v-4762.webspace/www/c-k-a.kz/index.php(20): CApplication->run()
#3 {main}
REQUEST_URI=//wp-includes/wlwmanifest.xml
---
2021/07/28 01:05:29 [error] [exception.CHttpException.404] exception 'CHttpException' with message 'Невозможно обработать запрос "xmlrpc.php".' in /var/www/vhosts/v-4762.webspace/www/c-k-a.kz/framework/web/CWebApplication.php:287
Stack trace:
#0 /var/www/vhosts/v-4762.webspace/www/c-k-a.kz/framework/web/CWebApplication.php(142): CWebApplication->runController('xmlrpc.php')
#1 /var/www/vhosts/v-4762.webspace/www/c-k-a.kz/framework/base/CApplication.php(162): CWebApplication->processRequest()
#2 /var/www/vhosts/v-4762.webspace/www/c-k-a.kz/index.php(20): CApplication->run()
#3 {main}
REQUEST_URI=//xmlrpc.php?rsd
---
2021/07/28 01:05:31 [error] [exception.CHttpException.404] exception 'CHttpException' with message 'Невозможно обработать запрос "blog/wp-includes/wlwmanifest.xml".' in /var/www/vhosts/v-4762.webspace/www/c-k-a.kz/framework/web/CWebApplication.php:287
Stack trace:
#0 /var/www/vhosts/v-4762.webspace/www/c-k-a.kz/framework/web/CWebApplication.php(142): CWebApplication->runController('blog/wp-include...')
#1 /var/www/vhosts/v-4762.webspace/www/c-k-a.kz/framework/base/CApplication.php(162): CWebApplication->processRequest()
#2 /var/www/vhosts/v-4762.webspace/www/c-k-a.kz/index.php(20): CApplication->run()
#3 {main}
REQUEST_URI=//blog/wp-includes/wlwmanifest.xml
---
2021/07/28 01:05:31 [error] [exception.CHttpException.404] exception 'CHttpException' with message 'Невозможно обработать запрос "web/wp-includes/wlwmanifest.xml".' in /var/www/vhosts/v-4762.webspace/www/c-k-a.kz/framework/web/CWebApplication.php:287
Stack trace:
#0 /var/www/vhosts/v-4762.webspace/www/c-k-a.kz/framework/web/CWebApplication.php(142): CWebApplication->runController('web/wp-includes...')
#1 /var/www/vhosts/v-4762.webspace/www/c-k-a.kz/framework/base/CApplication.php(162): CWebApplication->processRequest()
#2 /var/www/vhosts/v-4762.webspace/www/c-k-a.kz/index.php(20): CApplication->run()
#3 {main}
REQUEST_URI=//web/wp-includes/wlwmanifest.xml
---
2021/07/28 01:05:31 [error] [exception.CHttpException.404] exception 'CHttpException' with message 'Невозможно обработать запрос "wordpress/wp-includes/wlwmanifest.xml".' in /var/www/vhosts/v-4762.webspace/www/c-k-a.kz/framework/web/CWebApplication.php:287
Stack trace:
#0 /var/www/vhosts/v-4762.webspace/www/c-k-a.kz/framework/web/CWebApplication.php(142): CWebApplication->runController('wordpress/wp-in...')
#1 /var/www/vhosts/v-4762.webspace/www/c-k-a.kz/framework/base/CApplication.php(162): CWebApplication->processRequest()
#2 /var/www/vhosts/v-4762.webspace/www/c-k-a.kz/index.php(20): CApplication->run()
#3 {main}
REQUEST_URI=//wordpress/wp-includes/wlwmanifest.xml
---
2021/07/28 01:05:32 [error] [exception.CHttpException.404] exception 'CHttpException' with message 'Невозможно обработать запрос "website/wp-includes/wlwmanifest.xml".' in /var/www/vhosts/v-4762.webspace/www/c-k-a.kz/framework/web/CWebApplication.php:287
Stack trace:
#0 /var/www/vhosts/v-4762.webspace/www/c-k-a.kz/framework/web/CWebApplication.php(142): CWebApplication->runController('website/wp-incl...')
#1 /var/www/vhosts/v-4762.webspace/www/c-k-a.kz/framework/base/CApplication.php(162): CWebApplication->processRequest()
#2 /var/www/vhosts/v-4762.webspace/www/c-k-a.kz/index.php(20): CApplication->run()
#3 {main}
REQUEST_URI=//website/wp-includes/wlwmanifest.xml
---
2021/07/28 01:05:32 [error] [exception.CHttpException.404] exception 'CHttpException' with message 'Невозможно обработать запрос "wp/wp-includes/wlwmanifest.xml".' in /var/www/vhosts/v-4762.webspace/www/c-k-a.kz/framework/web/CWebApplication.php:287
Stack trace:
#0 /var/www/vhosts/v-4762.webspace/www/c-k-a.kz/framework/web/CWebApplication.php(142): CWebApplication->runController('wp/wp-includes/...')
#1 /var/www/vhosts/v-4762.webspace/www/c-k-a.kz/framework/base/CApplication.php(162): CWebApplication->processRequest()
#2 /var/www/vhosts/v-4762.webspace/www/c-k-a.kz/index.php(20): CApplication->run()
#3 {main}
REQUEST_URI=//wp/wp-includes/wlwmanifest.xml
---
2021/07/28 01:05:33 [error] [exception.CHttpException.404] exception 'CHttpException' with message 'Невозможно обработать запрос "news/wp-includes/wlwmanifest.xml".' in /var/www/vhosts/v-4762.webspace/www/c-k-a.kz/framework/web/CWebApplication.php:287
Stack trace:
#0 /var/www/vhosts/v-4762.webspace/www/c-k-a.kz/framework/web/CWebApplication.php(142): CWebApplication->runController('news/wp-include...')
#1 /var/www/vhosts/v-4762.webspace/www/c-k-a.kz/framework/base/CApplication.php(162): CWebApplication->processRequest()
#2 /var/www/vhosts/v-4762.webspace/www/c-k-a.kz/index.php(20): CApplication->run()
#3 {main}
REQUEST_URI=//news/wp-includes/wlwmanifest.xml
---
2021/07/28 01:05:33 [error] [exception.CHttpException.404] exception 'CHttpException' with message 'Невозможно обработать запрос "2020/wp-includes/wlwmanifest.xml".' in /var/www/vhosts/v-4762.webspace/www/c-k-a.kz/framework/web/CWebApplication.php:287
Stack trace:
#0 /var/www/vhosts/v-4762.webspace/www/c-k-a.kz/framework/web/CWebApplication.php(142): CWebApplication->runController('2020/wp-include...')
#1 /var/www/vhosts/v-4762.webspace/www/c-k-a.kz/framework/base/CApplication.php(162): CWebApplication->processRequest()
#2 /var/www/vhosts/v-4762.webspace/www/c-k-a.kz/index.php(20): CApplication->run()
#3 {main}
REQUEST_URI=//2020/wp-includes/wlwmanifest.xml
---
2021/07/28 01:05:34 [error] [exception.CHttpException.404] exception 'CHttpException' with message 'Невозможно обработать запрос "2019/wp-includes/wlwmanifest.xml".' in /var/www/vhosts/v-4762.webspace/www/c-k-a.kz/framework/web/CWebApplication.php:287
Stack trace:
#0 /var/www/vhosts/v-4762.webspace/www/c-k-a.kz/framework/web/CWebApplication.php(142): CWebApplication->runController('2019/wp-include...')
#1 /var/www/vhosts/v-4762.webspace/www/c-k-a.kz/framework/base/CApplication.php(162): CWebApplication->processRequest()
#2 /var/www/vhosts/v-4762.webspace/www/c-k-a.kz/index.php(20): CApplication->run()
#3 {main}
REQUEST_URI=//2019/wp-includes/wlwmanifest.xml
---
2021/07/28 01:05:34 [error] [exception.CHttpException.404] exception 'CHttpException' with message 'Невозможно обработать запрос "shop/wp-includes/wlwmanifest.xml".' in /var/www/vhosts/v-4762.webspace/www/c-k-a.kz/framework/web/CWebApplication.php:287
Stack trace:
#0 /var/www/vhosts/v-4762.webspace/www/c-k-a.kz/framework/web/CWebApplication.php(142): CWebApplication->runController('shop/wp-include...')
#1 /var/www/vhosts/v-4762.webspace/www/c-k-a.kz/framework/base/CApplication.php(162): CWebApplication->processRequest()
#2 /var/www/vhosts/v-4762.webspace/www/c-k-a.kz/index.php(20): CApplication->run()
#3 {main}
REQUEST_URI=//shop/wp-includes/wlwmanifest.xml
---
2021/07/28 01:05:35 [error] [exception.CHttpException.404] exception 'CHttpException' with message 'Невозможно обработать запрос "wp1/wp-includes/wlwmanifest.xml".' in /var/www/vhosts/v-4762.webspace/www/c-k-a.kz/framework/web/CWebApplication.php:287
Stack trace:
#0 /var/www/vhosts/v-4762.webspace/www/c-k-a.kz/framework/web/CWebApplication.php(142): CWebApplication->runController('wp1/wp-includes...')
#1 /var/www/vhosts/v-4762.webspace/www/c-k-a.kz/framework/base/CApplication.php(162): CWebApplication->processRequest()
#2 /var/www/vhosts/v-4762.webspace/www/c-k-a.kz/index.php(20): CApplication->run()
#3 {main}
REQUEST_URI=//wp1/wp-includes/wlwmanifest.xml
---
2021/07/28 01:05:35 [error] [exception.CHttpException.404] exception 'CHttpException' with message 'Невозможно обработать запрос "test/wp-includes/wlwmanifest.xml".' in /var/www/vhosts/v-4762.webspace/www/c-k-a.kz/framework/web/CWebApplication.php:287
Stack trace:
#0 /var/www/vhosts/v-4762.webspace/www/c-k-a.kz/framework/web/CWebApplication.php(142): CWebApplication->runController('test/wp-include...')
#1 /var/www/vhosts/v-4762.webspace/www/c-k-a.kz/framework/base/CApplication.php(162): CWebApplication->processRequest()
#2 /var/www/vhosts/v-4762.webspace/www/c-k-a.kz/index.php(20): CApplication->run()
#3 {main}
REQUEST_URI=//test/wp-includes/wlwmanifest.xml
---
2021/07/28 01:05:36 [error] [exception.CHttpException.404] exception 'CHttpException' with message 'Невозможно обработать запрос "wp2/wp-includes/wlwmanifest.xml".' in /var/www/vhosts/v-4762.webspace/www/c-k-a.kz/framework/web/CWebApplication.php:287
Stack trace:
#0 /var/www/vhosts/v-4762.webspace/www/c-k-a.kz/framework/web/CWebApplication.php(142): CWebApplication->runController('wp2/wp-includes...')
#1 /var/www/vhosts/v-4762.webspace/www/c-k-a.kz/framework/base/CApplication.php(162): CWebApplication->processRequest()
#2 /var/www/vhosts/v-4762.webspace/www/c-k-a.kz/index.php(20): CApplication->run()
#3 {main}
REQUEST_URI=//wp2/wp-includes/wlwmanifest.xml
---
2021/07/28 01:05:36 [error] [exception.CHttpException.404] exception 'CHttpException' with message 'Невозможно обработать запрос "site/wp-includes/wlwmanifest.xml".' in /var/www/vhosts/v-4762.webspace/www/c-k-a.kz/framework/web/CWebApplication.php:287
Stack trace:
#0 /var/www/vhosts/v-4762.webspace/www/c-k-a.kz/framework/web/CWebApplication.php(142): CWebApplication->runController('site/wp-include...')
#1 /var/www/vhosts/v-4762.webspace/www/c-k-a.kz/framework/base/CApplication.php(162): CWebApplication->processRequest()
#2 /var/www/vhosts/v-4762.webspace/www/c-k-a.kz/index.php(20): CApplication->run()
#3 {main}
REQUEST_URI=//site/wp-includes/wlwmanifest.xml
---
2021/07/28 01:05:37 [error] [exception.CHttpException.404] exception 'CHttpException' with message 'Невозможно обработать запрос "cms/wp-includes/wlwmanifest.xml".' in /var/www/vhosts/v-4762.webspace/www/c-k-a.kz/framework/web/CWebApplication.php:287
Stack trace:
#0 /var/www/vhosts/v-4762.webspace/www/c-k-a.kz/framework/web/CWebApplication.php(142): CWebApplication->runController('cms/wp-includes...')
#1 /var/www/vhosts/v-4762.webspace/www/c-k-a.kz/framework/base/CApplication.php(162): CWebApplication->processRequest()
#2 /var/www/vhosts/v-4762.webspace/www/c-k-a.kz/index.php(20): CApplication->run()
#3 {main}
REQUEST_URI=//cms/wp-includes/wlwmanifest.xml
---
2021/07/28 01:05:37 [error] [exception.CHttpException.404] exception 'CHttpException' with message 'Невозможно обработать запрос "sito/wp-includes/wlwmanifest.xml".' in /var/www/vhosts/v-4762.webspace/www/c-k-a.kz/framework/web/CWebApplication.php:287
Stack trace:
#0 /var/www/vhosts/v-4762.webspace/www/c-k-a.kz/framework/web/CWebApplication.php(142): CWebApplication->runController('sito/wp-include...')
#1 /var/www/vhosts/v-4762.webspace/www/c-k-a.kz/framework/base/CApplication.php(162): CWebApplication->processRequest()
#2 /var/www/vhosts/v-4762.webspace/www/c-k-a.kz/index.php(20): CApplication->run()
#3 {main}
REQUEST_URI=//sito/wp-includes/wlwmanifest.xml
---
2021/07/28 01:56:45 [error] [exception.CHttpException.404] exception 'CHttpException' with message 'Невозможно обработать запрос "wp-includes/wlwmanifest.xml".' in /var/www/vhosts/v-4762.webspace/www/c-k-a.kz/framework/web/CWebApplication.php:287
Stack trace:
#0 /var/www/vhosts/v-4762.webspace/www/c-k-a.kz/framework/web/CWebApplication.php(142): CWebApplication->runController('wp-includes/wlw...')
#1 /var/www/vhosts/v-4762.webspace/www/c-k-a.kz/framework/base/CApplication.php(162): CWebApplication->processRequest()
#2 /var/www/vhosts/v-4762.webspace/www/c-k-a.kz/index.php(20): CApplication->run()
#3 {main}
REQUEST_URI=//wp-includes/wlwmanifest.xml
---
2021/07/28 01:56:46 [error] [exception.CHttpException.404] exception 'CHttpException' with message 'Невозможно обработать запрос "xmlrpc.php".' in /var/www/vhosts/v-4762.webspace/www/c-k-a.kz/framework/web/CWebApplication.php:287
Stack trace:
#0 /var/www/vhosts/v-4762.webspace/www/c-k-a.kz/framework/web/CWebApplication.php(142): CWebApplication->runController('xmlrpc.php')
#1 /var/www/vhosts/v-4762.webspace/www/c-k-a.kz/framework/base/CApplication.php(162): CWebApplication->processRequest()
#2 /var/www/vhosts/v-4762.webspace/www/c-k-a.kz/index.php(20): CApplication->run()
#3 {main}
REQUEST_URI=//xmlrpc.php?rsd
---
2021/07/28 01:56:47 [error] [exception.CHttpException.404] exception 'CHttpException' with message 'Невозможно обработать запрос "blog/wp-includes/wlwmanifest.xml".' in /var/www/vhosts/v-4762.webspace/www/c-k-a.kz/framework/web/CWebApplication.php:287
Stack trace:
#0 /var/www/vhosts/v-4762.webspace/www/c-k-a.kz/framework/web/CWebApplication.php(142): CWebApplication->runController('blog/wp-include...')
#1 /var/www/vhosts/v-4762.webspace/www/c-k-a.kz/framework/base/CApplication.php(162): CWebApplication->processRequest()
#2 /var/www/vhosts/v-4762.webspace/www/c-k-a.kz/index.php(20): CApplication->run()
#3 {main}
REQUEST_URI=//blog/wp-includes/wlwmanifest.xml
---
2021/07/28 01:56:47 [error] [exception.CHttpException.404] exception 'CHttpException' with message 'Невозможно обработать запрос "web/wp-includes/wlwmanifest.xml".' in /var/www/vhosts/v-4762.webspace/www/c-k-a.kz/framework/web/CWebApplication.php:287
Stack trace:
#0 /var/www/vhosts/v-4762.webspace/www/c-k-a.kz/framework/web/CWebApplication.php(142): CWebApplication->runController('web/wp-includes...')
#1 /var/www/vhosts/v-4762.webspace/www/c-k-a.kz/framework/base/CApplication.php(162): CWebApplication->processRequest()
#2 /var/www/vhosts/v-4762.webspace/www/c-k-a.kz/index.php(20): CApplication->run()
#3 {main}
REQUEST_URI=//web/wp-includes/wlwmanifest.xml
---
2021/07/28 01:56:48 [error] [exception.CHttpException.404] exception 'CHttpException' with message 'Невозможно обработать запрос "wordpress/wp-includes/wlwmanifest.xml".' in /var/www/vhosts/v-4762.webspace/www/c-k-a.kz/framework/web/CWebApplication.php:287
Stack trace:
#0 /var/www/vhosts/v-4762.webspace/www/c-k-a.kz/framework/web/CWebApplication.php(142): CWebApplication->runController('wordpress/wp-in...')
#1 /var/www/vhosts/v-4762.webspace/www/c-k-a.kz/framework/base/CApplication.php(162): CWebApplication->processRequest()
#2 /var/www/vhosts/v-4762.webspace/www/c-k-a.kz/index.php(20): CApplication->run()
#3 {main}
REQUEST_URI=//wordpress/wp-includes/wlwmanifest.xml
---
2021/07/28 01:56:48 [error] [exception.CHttpException.404] exception 'CHttpException' with message 'Невозможно обработать запрос "website/wp-includes/wlwmanifest.xml".' in /var/www/vhosts/v-4762.webspace/www/c-k-a.kz/framework/web/CWebApplication.php:287
Stack trace:
#0 /var/www/vhosts/v-4762.webspace/www/c-k-a.kz/framework/web/CWebApplication.php(142): CWebApplication->runController('website/wp-incl...')
#1 /var/www/vhosts/v-4762.webspace/www/c-k-a.kz/framework/base/CApplication.php(162): CWebApplication->processRequest()
#2 /var/www/vhosts/v-4762.webspace/www/c-k-a.kz/index.php(20): CApplication->run()
#3 {main}
REQUEST_URI=//website/wp-includes/wlwmanifest.xml
---
2021/07/28 01:56:49 [error] [exception.CHttpException.404] exception 'CHttpException' with message 'Невозможно обработать запрос "wp/wp-includes/wlwmanifest.xml".' in /var/www/vhosts/v-4762.webspace/www/c-k-a.kz/framework/web/CWebApplication.php:287
Stack trace:
#0 /var/www/vhosts/v-4762.webspace/www/c-k-a.kz/framework/web/CWebApplication.php(142): CWebApplication->runController('wp/wp-includes/...')
#1 /var/www/vhosts/v-4762.webspace/www/c-k-a.kz/framework/base/CApplication.php(162): CWebApplication->processRequest()
#2 /var/www/vhosts/v-4762.webspace/www/c-k-a.kz/index.php(20): CApplication->run()
#3 {main}
REQUEST_URI=//wp/wp-includes/wlwmanifest.xml
---
2021/07/28 01:56:49 [error] [exception.CHttpException.404] exception 'CHttpException' with message 'Невозможно обработать запрос "news/wp-includes/wlwmanifest.xml".' in /var/www/vhosts/v-4762.webspace/www/c-k-a.kz/framework/web/CWebApplication.php:287
Stack trace:
#0 /var/www/vhosts/v-4762.webspace/www/c-k-a.kz/framework/web/CWebApplication.php(142): CWebApplication->runController('news/wp-include...')
#1 /var/www/vhosts/v-4762.webspace/www/c-k-a.kz/framework/base/CApplication.php(162): CWebApplication->processRequest()
#2 /var/www/vhosts/v-4762.webspace/www/c-k-a.kz/index.php(20): CApplication->run()
#3 {main}
REQUEST_URI=//news/wp-includes/wlwmanifest.xml
---
2021/07/28 01:56:50 [error] [exception.CHttpException.404] exception 'CHttpException' with message 'Невозможно обработать запрос "2020/wp-includes/wlwmanifest.xml".' in /var/www/vhosts/v-4762.webspace/www/c-k-a.kz/framework/web/CWebApplication.php:287
Stack trace:
#0 /var/www/vhosts/v-4762.webspace/www/c-k-a.kz/framework/web/CWebApplication.php(142): CWebApplication->runController('2020/wp-include...')
#1 /var/www/vhosts/v-4762.webspace/www/c-k-a.kz/framework/base/CApplication.php(162): CWebApplication->processRequest()
#2 /var/www/vhosts/v-4762.webspace/www/c-k-a.kz/index.php(20): CApplication->run()
#3 {main}
REQUEST_URI=//2020/wp-includes/wlwmanifest.xml
---
2021/07/28 01:56:50 [error] [exception.CHttpException.404] exception 'CHttpException' with message 'Невозможно обработать запрос "2019/wp-includes/wlwmanifest.xml".' in /var/www/vhosts/v-4762.webspace/www/c-k-a.kz/framework/web/CWebApplication.php:287
Stack trace:
#0 /var/www/vhosts/v-4762.webspace/www/c-k-a.kz/framework/web/CWebApplication.php(142): CWebApplication->runController('2019/wp-include...')
#1 /var/www/vhosts/v-4762.webspace/www/c-k-a.kz/framework/base/CApplication.php(162): CWebApplication->processRequest()
#2 /var/www/vhosts/v-4762.webspace/www/c-k-a.kz/index.php(20): CApplication->run()
#3 {main}
REQUEST_URI=//2019/wp-includes/wlwmanifest.xml
---
2021/07/28 01:56:51 [error] [exception.CHttpException.404] exception 'CHttpException' with message 'Невозможно обработать запрос "shop/wp-includes/wlwmanifest.xml".' in /var/www/vhosts/v-4762.webspace/www/c-k-a.kz/framework/web/CWebApplication.php:287
Stack trace:
#0 /var/www/vhosts/v-4762.webspace/www/c-k-a.kz/framework/web/CWebApplication.php(142): CWebApplication->runController('shop/wp-include...')
#1 /var/www/vhosts/v-4762.webspace/www/c-k-a.kz/framework/base/CApplication.php(162): CWebApplication->processRequest()
#2 /var/www/vhosts/v-4762.webspace/www/c-k-a.kz/index.php(20): CApplication->run()
#3 {main}
REQUEST_URI=//shop/wp-includes/wlwmanifest.xml
---
2021/07/28 01:56:51 [error] [exception.CHttpException.404] exception 'CHttpException' with message 'Невозможно обработать запрос "wp1/wp-includes/wlwmanifest.xml".' in /var/www/vhosts/v-4762.webspace/www/c-k-a.kz/framework/web/CWebApplication.php:287
Stack trace:
#0 /var/www/vhosts/v-4762.webspace/www/c-k-a.kz/framework/web/CWebApplication.php(142): CWebApplication->runController('wp1/wp-includes...')
#1 /var/www/vhosts/v-4762.webspace/www/c-k-a.kz/framework/base/CApplication.php(162): CWebApplication->processRequest()
#2 /var/www/vhosts/v-4762.webspace/www/c-k-a.kz/index.php(20): CApplication->run()
#3 {main}
REQUEST_URI=//wp1/wp-includes/wlwmanifest.xml
---
2021/07/28 01:56:52 [error] [exception.CHttpException.404] exception 'CHttpException' with message 'Невозможно обработать запрос "test/wp-includes/wlwmanifest.xml".' in /var/www/vhosts/v-4762.webspace/www/c-k-a.kz/framework/web/CWebApplication.php:287
Stack trace:
#0 /var/www/vhosts/v-4762.webspace/www/c-k-a.kz/framework/web/CWebApplication.php(142): CWebApplication->runController('test/wp-include...')
#1 /var/www/vhosts/v-4762.webspace/www/c-k-a.kz/framework/base/CApplication.php(162): CWebApplication->processRequest()
#2 /var/www/vhosts/v-4762.webspace/www/c-k-a.kz/index.php(20): CApplication->run()
#3 {main}
REQUEST_URI=//test/wp-includes/wlwmanifest.xml
---
2021/07/28 01:56:52 [error] [exception.CHttpException.404] exception 'CHttpException' with message 'Невозможно обработать запрос "wp2/wp-includes/wlwmanifest.xml".' in /var/www/vhosts/v-4762.webspace/www/c-k-a.kz/framework/web/CWebApplication.php:287
Stack trace:
#0 /var/www/vhosts/v-4762.webspace/www/c-k-a.kz/framework/web/CWebApplication.php(142): CWebApplication->runController('wp2/wp-includes...')
#1 /var/www/vhosts/v-4762.webspace/www/c-k-a.kz/framework/base/CApplication.php(162): CWebApplication->processRequest()
#2 /var/www/vhosts/v-4762.webspace/www/c-k-a.kz/index.php(20): CApplication->run()
#3 {main}
REQUEST_URI=//wp2/wp-includes/wlwmanifest.xml
---
2021/07/28 01:56:53 [error] [exception.CHttpException.404] exception 'CHttpException' with message 'Невозможно обработать запрос "site/wp-includes/wlwmanifest.xml".' in /var/www/vhosts/v-4762.webspace/www/c-k-a.kz/framework/web/CWebApplication.php:287
Stack trace:
#0 /var/www/vhosts/v-4762.webspace/www/c-k-a.kz/framework/web/CWebApplication.php(142): CWebApplication->runController('site/wp-include...')
#1 /var/www/vhosts/v-4762.webspace/www/c-k-a.kz/framework/base/CApplication.php(162): CWebApplication->processRequest()
#2 /var/www/vhosts/v-4762.webspace/www/c-k-a.kz/index.php(20): CApplication->run()
#3 {main}
REQUEST_URI=//site/wp-includes/wlwmanifest.xml
---
2021/07/28 01:56:53 [error] [exception.CHttpException.404] exception 'CHttpException' with message 'Невозможно обработать запрос "cms/wp-includes/wlwmanifest.xml".' in /var/www/vhosts/v-4762.webspace/www/c-k-a.kz/framework/web/CWebApplication.php:287
Stack trace:
#0 /var/www/vhosts/v-4762.webspace/www/c-k-a.kz/framework/web/CWebApplication.php(142): CWebApplication->runController('cms/wp-includes...')
#1 /var/www/vhosts/v-4762.webspace/www/c-k-a.kz/framework/base/CApplication.php(162): CWebApplication->processRequest()
#2 /var/www/vhosts/v-4762.webspace/www/c-k-a.kz/index.php(20): CApplication->run()
#3 {main}
REQUEST_URI=//cms/wp-includes/wlwmanifest.xml
---
2021/07/28 01:56:54 [error] [exception.CHttpException.404] exception 'CHttpException' with message 'Невозможно обработать запрос "sito/wp-includes/wlwmanifest.xml".' in /var/www/vhosts/v-4762.webspace/www/c-k-a.kz/framework/web/CWebApplication.php:287
Stack trace:
#0 /var/www/vhosts/v-4762.webspace/www/c-k-a.kz/framework/web/CWebApplication.php(142): CWebApplication->runController('sito/wp-include...')
#1 /var/www/vhosts/v-4762.webspace/www/c-k-a.kz/framework/base/CApplication.php(162): CWebApplication->processRequest()
#2 /var/www/vhosts/v-4762.webspace/www/c-k-a.kz/index.php(20): CApplication->run()
#3 {main}
REQUEST_URI=//sito/wp-includes/wlwmanifest.xml
---
2021/07/28 02:26:53 [error] [exception.CHttpException.404] exception 'CHttpException' with message 'Невозможно обработать запрос "wp-login.php".' in /var/www/vhosts/v-4762.webspace/www/c-k-a.kz/framework/web/CWebApplication.php:287
Stack trace:
#0 /var/www/vhosts/v-4762.webspace/www/c-k-a.kz/framework/web/CWebApplication.php(142): CWebApplication->runController('wp-login.php')
#1 /var/www/vhosts/v-4762.webspace/www/c-k-a.kz/framework/base/CApplication.php(162): CWebApplication->processRequest()
#2 /var/www/vhosts/v-4762.webspace/www/c-k-a.kz/index.php(20): CApplication->run()
#3 {main}
REQUEST_URI=/wp-login.php
---
2021/07/28 02:26:54 [error] [exception.CHttpException.404] exception 'CHttpException' with message 'Невозможно обработать запрос "xmlrpc.php".' in /var/www/vhosts/v-4762.webspace/www/c-k-a.kz/framework/web/CWebApplication.php:287
Stack trace:
#0 /var/www/vhosts/v-4762.webspace/www/c-k-a.kz/framework/web/CWebApplication.php(142): CWebApplication->runController('xmlrpc.php')
#1 /var/www/vhosts/v-4762.webspace/www/c-k-a.kz/framework/base/CApplication.php(162): CWebApplication->processRequest()
#2 /var/www/vhosts/v-4762.webspace/www/c-k-a.kz/index.php(20): CApplication->run()
#3 {main}
REQUEST_URI=/xmlrpc.php
---
2021/07/28 05:30:43 [error] [exception.CHttpException.404] exception 'CHttpException' with message 'Невозможно обработать запрос "ads.txt".' in /var/www/vhosts/v-4762.webspace/www/c-k-a.kz/framework/web/CWebApplication.php:287
Stack trace:
#0 /var/www/vhosts/v-4762.webspace/www/c-k-a.kz/framework/web/CWebApplication.php(142): CWebApplication->runController('ads.txt')
#1 /var/www/vhosts/v-4762.webspace/www/c-k-a.kz/framework/base/CApplication.php(162): CWebApplication->processRequest()
#2 /var/www/vhosts/v-4762.webspace/www/c-k-a.kz/index.php(20): CApplication->run()
#3 {main}
REQUEST_URI=/ads.txt
---
2021/07/28 05:50:03 [error] [exception.CHttpException.404] exception 'CHttpException' with message 'Невозможно обработать запрос "wp-login.php".' in /var/www/vhosts/v-4762.webspace/www/c-k-a.kz/framework/web/CWebApplication.php:287
Stack trace:
#0 /var/www/vhosts/v-4762.webspace/www/c-k-a.kz/framework/web/CWebApplication.php(142): CWebApplication->runController('wp-login.php')
#1 /var/www/vhosts/v-4762.webspace/www/c-k-a.kz/framework/base/CApplication.php(162): CWebApplication->processRequest()
#2 /var/www/vhosts/v-4762.webspace/www/c-k-a.kz/index.php(20): CApplication->run()
#3 {main}
REQUEST_URI=/wp-login.php
---
2021/07/28 05:50:03 [error] [exception.CHttpException.404] exception 'CHttpException' with message 'Невозможно обработать запрос "xmlrpc.php".' in /var/www/vhosts/v-4762.webspace/www/c-k-a.kz/framework/web/CWebApplication.php:287
Stack trace:
#0 /var/www/vhosts/v-4762.webspace/www/c-k-a.kz/framework/web/CWebApplication.php(142): CWebApplication->runController('xmlrpc.php')
#1 /var/www/vhosts/v-4762.webspace/www/c-k-a.kz/framework/base/CApplication.php(162): CWebApplication->processRequest()
#2 /var/www/vhosts/v-4762.webspace/www/c-k-a.kz/index.php(20): CApplication->run()
#3 {main}
REQUEST_URI=/xmlrpc.php
---
2021/07/28 10:08:22 [error] [exception.CHttpException.404] exception 'CHttpException' with message 'Невозможно обработать запрос "wp-login.php".' in /var/www/vhosts/v-4762.webspace/www/c-k-a.kz/framework/web/CWebApplication.php:287
Stack trace:
#0 /var/www/vhosts/v-4762.webspace/www/c-k-a.kz/framework/web/CWebApplication.php(142): CWebApplication->runController('wp-login.php')
#1 /var/www/vhosts/v-4762.webspace/www/c-k-a.kz/framework/base/CApplication.php(162): CWebApplication->processRequest()
#2 /var/www/vhosts/v-4762.webspace/www/c-k-a.kz/index.php(20): CApplication->run()
#3 {main}
REQUEST_URI=/wp-login.php
---
2021/07/28 10:08:23 [error] [exception.CHttpException.404] exception 'CHttpException' with message 'Невозможно обработать запрос "xmlrpc.php".' in /var/www/vhosts/v-4762.webspace/www/c-k-a.kz/framework/web/CWebApplication.php:287
Stack trace:
#0 /var/www/vhosts/v-4762.webspace/www/c-k-a.kz/framework/web/CWebApplication.php(142): CWebApplication->runController('xmlrpc.php')
#1 /var/www/vhosts/v-4762.webspace/www/c-k-a.kz/framework/base/CApplication.php(162): CWebApplication->processRequest()
#2 /var/www/vhosts/v-4762.webspace/www/c-k-a.kz/index.php(20): CApplication->run()
#3 {main}
REQUEST_URI=/xmlrpc.php
---
2021/07/28 10:14:11 [error] [exception.CHttpException.404] exception 'CHttpException' with message 'Невозможно обработать запрос "wp-login.php".' in /var/www/vhosts/v-4762.webspace/www/c-k-a.kz/framework/web/CWebApplication.php:287
Stack trace:
#0 /var/www/vhosts/v-4762.webspace/www/c-k-a.kz/framework/web/CWebApplication.php(142): CWebApplication->runController('wp-login.php')
#1 /var/www/vhosts/v-4762.webspace/www/c-k-a.kz/framework/base/CApplication.php(162): CWebApplication->processRequest()
#2 /var/www/vhosts/v-4762.webspace/www/c-k-a.kz/index.php(20): CApplication->run()
#3 {main}
REQUEST_URI=/wp-login.php
---
2021/07/28 10:14:12 [error] [exception.CHttpException.404] exception 'CHttpException' with message 'Невозможно обработать запрос "xmlrpc.php".' in /var/www/vhosts/v-4762.webspace/www/c-k-a.kz/framework/web/CWebApplication.php:287
Stack trace:
#0 /var/www/vhosts/v-4762.webspace/www/c-k-a.kz/framework/web/CWebApplication.php(142): CWebApplication->runController('xmlrpc.php')
#1 /var/www/vhosts/v-4762.webspace/www/c-k-a.kz/framework/base/CApplication.php(162): CWebApplication->processRequest()
#2 /var/www/vhosts/v-4762.webspace/www/c-k-a.kz/index.php(20): CApplication->run()
#3 {main}
REQUEST_URI=/xmlrpc.php
---
2021/07/28 10:30:01 [error] [exception.CHttpException.404] exception 'CHttpException' with message 'Невозможно обработать запрос "wp-login.php".' in /var/www/vhosts/v-4762.webspace/www/c-k-a.kz/framework/web/CWebApplication.php:287
Stack trace:
#0 /var/www/vhosts/v-4762.webspace/www/c-k-a.kz/framework/web/CWebApplication.php(142): CWebApplication->runController('wp-login.php')
#1 /var/www/vhosts/v-4762.webspace/www/c-k-a.kz/framework/base/CApplication.php(162): CWebApplication->processRequest()
#2 /var/www/vhosts/v-4762.webspace/www/c-k-a.kz/index.php(20): CApplication->run()
#3 {main}
REQUEST_URI=/wp-login.php
---
2021/07/28 10:30:02 [error] [exception.CHttpException.404] exception 'CHttpException' with message 'Невозможно обработать запрос "xmlrpc.php".' in /var/www/vhosts/v-4762.webspace/www/c-k-a.kz/framework/web/CWebApplication.php:287
Stack trace:
#0 /var/www/vhosts/v-4762.webspace/www/c-k-a.kz/framework/web/CWebApplication.php(142): CWebApplication->runController('xmlrpc.php')
#1 /var/www/vhosts/v-4762.webspace/www/c-k-a.kz/framework/base/CApplication.php(162): CWebApplication->processRequest()
#2 /var/www/vhosts/v-4762.webspace/www/c-k-a.kz/index.php(20): CApplication->run()
#3 {main}
REQUEST_URI=/xmlrpc.php
---
2021/07/28 10:58:09 [error] [exception.CHttpException.404] exception 'CHttpException' with message 'Невозможно обработать запрос "apple-touch-icon-precomposed.png".' in /var/www/vhosts/v-4762.webspace/www/c-k-a.kz/framework/web/CWebApplication.php:287
Stack trace:
#0 /var/www/vhosts/v-4762.webspace/www/c-k-a.kz/framework/web/CWebApplication.php(142): CWebApplication->runController('apple-touch-ico...')
#1 /var/www/vhosts/v-4762.webspace/www/c-k-a.kz/framework/base/CApplication.php(162): CWebApplication->processRequest()
#2 /var/www/vhosts/v-4762.webspace/www/c-k-a.kz/index.php(20): CApplication->run()
#3 {main}
REQUEST_URI=/apple-touch-icon-precomposed.png
---
2021/07/28 10:58:10 [error] [exception.CHttpException.404] exception 'CHttpException' with message 'Невозможно обработать запрос "apple-touch-icon.png".' in /var/www/vhosts/v-4762.webspace/www/c-k-a.kz/framework/web/CWebApplication.php:287
Stack trace:
#0 /var/www/vhosts/v-4762.webspace/www/c-k-a.kz/framework/web/CWebApplication.php(142): CWebApplication->runController('apple-touch-ico...')
#1 /var/www/vhosts/v-4762.webspace/www/c-k-a.kz/framework/base/CApplication.php(162): CWebApplication->processRequest()
#2 /var/www/vhosts/v-4762.webspace/www/c-k-a.kz/index.php(20): CApplication->run()
#3 {main}
REQUEST_URI=/apple-touch-icon.png
---
2021/07/28 12:26:50 [error] [exception.CHttpException.404] exception 'CHttpException' with message 'Невозможно обработать запрос "wp-login.php".' in /var/www/vhosts/v-4762.webspace/www/c-k-a.kz/framework/web/CWebApplication.php:287
Stack trace:
#0 /var/www/vhosts/v-4762.webspace/www/c-k-a.kz/framework/web/CWebApplication.php(142): CWebApplication->runController('wp-login.php')
#1 /var/www/vhosts/v-4762.webspace/www/c-k-a.kz/framework/base/CApplication.php(162): CWebApplication->processRequest()
#2 /var/www/vhosts/v-4762.webspace/www/c-k-a.kz/index.php(20): CApplication->run()
#3 {main}
REQUEST_URI=/wp-login.php
---
2021/07/28 12:26:56 [error] [exception.CHttpException.404] exception 'CHttpException' with message 'Невозможно обработать запрос "xmlrpc.php".' in /var/www/vhosts/v-4762.webspace/www/c-k-a.kz/framework/web/CWebApplication.php:287
Stack trace:
#0 /var/www/vhosts/v-4762.webspace/www/c-k-a.kz/framework/web/CWebApplication.php(142): CWebApplication->runController('xmlrpc.php')
#1 /var/www/vhosts/v-4762.webspace/www/c-k-a.kz/framework/base/CApplication.php(162): CWebApplication->processRequest()
#2 /var/www/vhosts/v-4762.webspace/www/c-k-a.kz/index.php(20): CApplication->run()
#3 {main}
REQUEST_URI=/xmlrpc.php
---
2021/07/28 12:50:12 [error] [exception.CHttpException.404] exception 'CHttpException' with message 'Невозможно обработать запрос "wp-login.php".' in /var/www/vhosts/v-4762.webspace/www/c-k-a.kz/framework/web/CWebApplication.php:287
Stack trace:
#0 /var/www/vhosts/v-4762.webspace/www/c-k-a.kz/framework/web/CWebApplication.php(142): CWebApplication->runController('wp-login.php')
#1 /var/www/vhosts/v-4762.webspace/www/c-k-a.kz/framework/base/CApplication.php(162): CWebApplication->processRequest()
#2 /var/www/vhosts/v-4762.webspace/www/c-k-a.kz/index.php(20): CApplication->run()
#3 {main}
REQUEST_URI=/wp-login.php
---
2021/07/28 12:50:13 [error] [exception.CHttpException.404] exception 'CHttpException' with message 'Невозможно обработать запрос "xmlrpc.php".' in /var/www/vhosts/v-4762.webspace/www/c-k-a.kz/framework/web/CWebApplication.php:287
Stack trace:
#0 /var/www/vhosts/v-4762.webspace/www/c-k-a.kz/framework/web/CWebApplication.php(142): CWebApplication->runController('xmlrpc.php')
#1 /var/www/vhosts/v-4762.webspace/www/c-k-a.kz/framework/base/CApplication.php(162): CWebApplication->processRequest()
#2 /var/www/vhosts/v-4762.webspace/www/c-k-a.kz/index.php(20): CApplication->run()
#3 {main}
REQUEST_URI=/xmlrpc.php
---
2021/07/28 14:32:22 [error] [exception.CHttpException.404] exception 'CHttpException' with message 'Невозможно обработать запрос "wp-login.php".' in /var/www/vhosts/v-4762.webspace/www/c-k-a.kz/framework/web/CWebApplication.php:287
Stack trace:
#0 /var/www/vhosts/v-4762.webspace/www/c-k-a.kz/framework/web/CWebApplication.php(142): CWebApplication->runController('wp-login.php')
#1 /var/www/vhosts/v-4762.webspace/www/c-k-a.kz/framework/base/CApplication.php(162): CWebApplication->processRequest()
#2 /var/www/vhosts/v-4762.webspace/www/c-k-a.kz/index.php(20): CApplication->run()
#3 {main}
REQUEST_URI=/wp-login.php
---
2021/07/28 14:32:22 [error] [exception.CHttpException.404] exception 'CHttpException' with message 'Невозможно обработать запрос "xmlrpc.php".' in /var/www/vhosts/v-4762.webspace/www/c-k-a.kz/framework/web/CWebApplication.php:287
Stack trace:
#0 /var/www/vhosts/v-4762.webspace/www/c-k-a.kz/framework/web/CWebApplication.php(142): CWebApplication->runController('xmlrpc.php')
#1 /var/www/vhosts/v-4762.webspace/www/c-k-a.kz/framework/base/CApplication.php(162): CWebApplication->processRequest()
#2 /var/www/vhosts/v-4762.webspace/www/c-k-a.kz/index.php(20): CApplication->run()
#3 {main}
REQUEST_URI=/xmlrpc.php
---
2021/07/28 14:34:53 [error] [exception.CHttpException.404] exception 'CHttpException' with message 'Невозможно обработать запрос "favicon.png".' in /var/www/vhosts/v-4762.webspace/www/c-k-a.kz/framework/web/CWebApplication.php:287
Stack trace:
#0 /var/www/vhosts/v-4762.webspace/www/c-k-a.kz/framework/web/CWebApplication.php(142): CWebApplication->runController('favicon.png')
#1 /var/www/vhosts/v-4762.webspace/www/c-k-a.kz/framework/base/CApplication.php(162): CWebApplication->processRequest()
#2 /var/www/vhosts/v-4762.webspace/www/c-k-a.kz/index.php(20): CApplication->run()
#3 {main}
REQUEST_URI=/favicon.png
---
2021/07/28 15:04:23 [error] [exception.CHttpException.404] exception 'CHttpException' with message 'Невозможно обработать запрос "wp-login.php".' in /var/www/vhosts/v-4762.webspace/www/c-k-a.kz/framework/web/CWebApplication.php:287
Stack trace:
#0 /var/www/vhosts/v-4762.webspace/www/c-k-a.kz/framework/web/CWebApplication.php(142): CWebApplication->runController('wp-login.php')
#1 /var/www/vhosts/v-4762.webspace/www/c-k-a.kz/framework/base/CApplication.php(162): CWebApplication->processRequest()
#2 /var/www/vhosts/v-4762.webspace/www/c-k-a.kz/index.php(20): CApplication->run()
#3 {main}
REQUEST_URI=/wp-login.php
---
2021/07/28 15:04:24 [error] [exception.CHttpException.404] exception 'CHttpException' with message 'Невозможно обработать запрос "xmlrpc.php".' in /var/www/vhosts/v-4762.webspace/www/c-k-a.kz/framework/web/CWebApplication.php:287
Stack trace:
#0 /var/www/vhosts/v-4762.webspace/www/c-k-a.kz/framework/web/CWebApplication.php(142): CWebApplication->runController('xmlrpc.php')
#1 /var/www/vhosts/v-4762.webspace/www/c-k-a.kz/framework/base/CApplication.php(162): CWebApplication->processRequest()
#2 /var/www/vhosts/v-4762.webspace/www/c-k-a.kz/index.php(20): CApplication->run()
#3 {main}
REQUEST_URI=/xmlrpc.php
---
2021/07/28 15:15:20 [error] [exception.CHttpException.404] exception 'CHttpException' with message 'Невозможно обработать запрос "favicon.png".' in /var/www/vhosts/v-4762.webspace/www/c-k-a.kz/framework/web/CWebApplication.php:287
Stack trace:
#0 /var/www/vhosts/v-4762.webspace/www/c-k-a.kz/framework/web/CWebApplication.php(142): CWebApplication->runController('favicon.png')
#1 /var/www/vhosts/v-4762.webspace/www/c-k-a.kz/framework/base/CApplication.php(162): CWebApplication->processRequest()
#2 /var/www/vhosts/v-4762.webspace/www/c-k-a.kz/index.php(20): CApplication->run()
#3 {main}
REQUEST_URI=/favicon.png
---
2021/07/28 15:31:01 [error] [exception.CHttpException.404] exception 'CHttpException' with message 'Невозможно обработать запрос "wp-login.php".' in /var/www/vhosts/v-4762.webspace/www/c-k-a.kz/framework/web/CWebApplication.php:287
Stack trace:
#0 /var/www/vhosts/v-4762.webspace/www/c-k-a.kz/framework/web/CWebApplication.php(142): CWebApplication->runController('wp-login.php')
#1 /var/www/vhosts/v-4762.webspace/www/c-k-a.kz/framework/base/CApplication.php(162): CWebApplication->processRequest()
#2 /var/www/vhosts/v-4762.webspace/www/c-k-a.kz/index.php(20): CApplication->run()
#3 {main}
REQUEST_URI=/wp-login.php
---
2021/07/28 15:31:02 [error] [exception.CHttpException.404] exception 'CHttpException' with message 'Невозможно обработать запрос "wp-login.php".' in /var/www/vhosts/v-4762.webspace/www/c-k-a.kz/framework/web/CWebApplication.php:287
Stack trace:
#0 /var/www/vhosts/v-4762.webspace/www/c-k-a.kz/framework/web/CWebApplication.php(142): CWebApplication->runController('wp-login.php')
#1 /var/www/vhosts/v-4762.webspace/www/c-k-a.kz/framework/base/CApplication.php(162): CWebApplication->processRequest()
#2 /var/www/vhosts/v-4762.webspace/www/c-k-a.kz/index.php(20): CApplication->run()
#3 {main}
REQUEST_URI=/wp-login.php
---
2021/07/28 15:31:03 [error] [exception.CHttpException.404] exception 'CHttpException' with message 'Невозможно обработать запрос "xmlrpc.php".' in /var/www/vhosts/v-4762.webspace/www/c-k-a.kz/framework/web/CWebApplication.php:287
Stack trace:
#0 /var/www/vhosts/v-4762.webspace/www/c-k-a.kz/framework/web/CWebApplication.php(142): CWebApplication->runController('xmlrpc.php')
#1 /var/www/vhosts/v-4762.webspace/www/c-k-a.kz/framework/base/CApplication.php(162): CWebApplication->processRequest()
#2 /var/www/vhosts/v-4762.webspace/www/c-k-a.kz/index.php(20): CApplication->run()
#3 {main}
REQUEST_URI=/xmlrpc.php
---
2021/07/28 15:31:03 [error] [exception.CHttpException.404] exception 'CHttpException' with message 'Невозможно обработать запрос "xmlrpc.php".' in /var/www/vhosts/v-4762.webspace/www/c-k-a.kz/framework/web/CWebApplication.php:287
Stack trace:
#0 /var/www/vhosts/v-4762.webspace/www/c-k-a.kz/framework/web/CWebApplication.php(142): CWebApplication->runController('xmlrpc.php')
#1 /var/www/vhosts/v-4762.webspace/www/c-k-a.kz/framework/base/CApplication.php(162): CWebApplication->processRequest()
#2 /var/www/vhosts/v-4762.webspace/www/c-k-a.kz/index.php(20): CApplication->run()
#3 {main}
REQUEST_URI=/xmlrpc.php
---
2021/07/28 17:04:00 [error] [exception.CHttpException.404] exception 'CHttpException' with message 'Невозможно обработать запрос "env.js".' in /var/www/vhosts/v-4762.webspace/www/c-k-a.kz/framework/web/CWebApplication.php:287
Stack trace:
#0 /var/www/vhosts/v-4762.webspace/www/c-k-a.kz/framework/web/CWebApplication.php(142): CWebApplication->runController('env.js')
#1 /var/www/vhosts/v-4762.webspace/www/c-k-a.kz/framework/base/CApplication.php(162): CWebApplication->processRequest()
#2 /var/www/vhosts/v-4762.webspace/www/c-k-a.kz/index.php(20): CApplication->run()
#3 {main}
REQUEST_URI=/env.js
---
2021/07/28 17:04:05 [error] [exception.CHttpException.404] exception 'CHttpException' with message 'Невозможно обработать запрос "env.development.js".' in /var/www/vhosts/v-4762.webspace/www/c-k-a.kz/framework/web/CWebApplication.php:287
Stack trace:
#0 /var/www/vhosts/v-4762.webspace/www/c-k-a.kz/framework/web/CWebApplication.php(142): CWebApplication->runController('env.development...')
#1 /var/www/vhosts/v-4762.webspace/www/c-k-a.kz/framework/base/CApplication.php(162): CWebApplication->processRequest()
#2 /var/www/vhosts/v-4762.webspace/www/c-k-a.kz/index.php(20): CApplication->run()
#3 {main}
REQUEST_URI=/env.development.js
---
2021/07/28 17:04:09 [error] [exception.CHttpException.404] exception 'CHttpException' with message 'Невозможно обработать запрос "env.development.js".' in /var/www/vhosts/v-4762.webspace/www/c-k-a.kz/framework/web/CWebApplication.php:287
Stack trace:
#0 /var/www/vhosts/v-4762.webspace/www/c-k-a.kz/framework/web/CWebApplication.php(142): CWebApplication->runController('env.development...')
#1 /var/www/vhosts/v-4762.webspace/www/c-k-a.kz/framework/base/CApplication.php(162): CWebApplication->processRequest()
#2 /var/www/vhosts/v-4762.webspace/www/c-k-a.kz/index.php(20): CApplication->run()
#3 {main}
REQUEST_URI=/env.development.js
---
2021/07/28 17:04:15 [error] [exception.CHttpException.404] exception 'CHttpException' with message 'Невозможно обработать запрос "env.production.js".' in /var/www/vhosts/v-4762.webspace/www/c-k-a.kz/framework/web/CWebApplication.php:287
Stack trace:
#0 /var/www/vhosts/v-4762.webspace/www/c-k-a.kz/framework/web/CWebApplication.php(142): CWebApplication->runController('env.production....')
#1 /var/www/vhosts/v-4762.webspace/www/c-k-a.kz/framework/base/CApplication.php(162): CWebApplication->processRequest()
#2 /var/www/vhosts/v-4762.webspace/www/c-k-a.kz/index.php(20): CApplication->run()
#3 {main}
REQUEST_URI=/env.production.js
---
2021/07/28 17:04:28 [error] [exception.CHttpException.404] exception 'CHttpException' with message 'Невозможно обработать запрос "env.test.js".' in /var/www/vhosts/v-4762.webspace/www/c-k-a.kz/framework/web/CWebApplication.php:287
Stack trace:
#0 /var/www/vhosts/v-4762.webspace/www/c-k-a.kz/framework/web/CWebApplication.php(142): CWebApplication->runController('env.test.js')
#1 /var/www/vhosts/v-4762.webspace/www/c-k-a.kz/framework/base/CApplication.php(162): CWebApplication->processRequest()
#2 /var/www/vhosts/v-4762.webspace/www/c-k-a.kz/index.php(20): CApplication->run()
#3 {main}
REQUEST_URI=/env.test.js
---
2021/07/28 17:04:37 [error] [exception.CHttpException.404] exception 'CHttpException' with message 'Невозможно обработать запрос "env.dev.js".' in /var/www/vhosts/v-4762.webspace/www/c-k-a.kz/framework/web/CWebApplication.php:287
Stack trace:
#0 /var/www/vhosts/v-4762.webspace/www/c-k-a.kz/framework/web/CWebApplication.php(142): CWebApplication->runController('env.dev.js')
#1 /var/www/vhosts/v-4762.webspace/www/c-k-a.kz/framework/base/CApplication.php(162): CWebApplication->processRequest()
#2 /var/www/vhosts/v-4762.webspace/www/c-k-a.kz/index.php(20): CApplication->run()
#3 {main}
REQUEST_URI=/env.dev.js
---
2021/07/28 17:04:38 [error] [exception.CHttpException.404] exception 'CHttpException' with message 'Невозможно обработать запрос "env.prod.js".' in /var/www/vhosts/v-4762.webspace/www/c-k-a.kz/framework/web/CWebApplication.php:287
Stack trace:
#0 /var/www/vhosts/v-4762.webspace/www/c-k-a.kz/framework/web/CWebApplication.php(142): CWebApplication->runController('env.prod.js')
#1 /var/www/vhosts/v-4762.webspace/www/c-k-a.kz/framework/base/CApplication.php(162): CWebApplication->processRequest()
#2 /var/www/vhosts/v-4762.webspace/www/c-k-a.kz/index.php(20): CApplication->run()
#3 {main}
REQUEST_URI=/env.prod.js
---
2021/07/28 18:03:44 [error] [exception.CHttpException.404] exception 'CHttpException' with message 'Невозможно обработать запрос "wp-login.php".' in /var/www/vhosts/v-4762.webspace/www/c-k-a.kz/framework/web/CWebApplication.php:287
Stack trace:
#0 /var/www/vhosts/v-4762.webspace/www/c-k-a.kz/framework/web/CWebApplication.php(142): CWebApplication->runController('wp-login.php')
#1 /var/www/vhosts/v-4762.webspace/www/c-k-a.kz/framework/base/CApplication.php(162): CWebApplication->processRequest()
#2 /var/www/vhosts/v-4762.webspace/www/c-k-a.kz/index.php(20): CApplication->run()
#3 {main}
REQUEST_URI=/wp-login.php
---
2021/07/28 18:03:45 [error] [exception.CHttpException.404] exception 'CHttpException' with message 'Невозможно обработать запрос "xmlrpc.php".' in /var/www/vhosts/v-4762.webspace/www/c-k-a.kz/framework/web/CWebApplication.php:287
Stack trace:
#0 /var/www/vhosts/v-4762.webspace/www/c-k-a.kz/framework/web/CWebApplication.php(142): CWebApplication->runController('xmlrpc.php')
#1 /var/www/vhosts/v-4762.webspace/www/c-k-a.kz/framework/base/CApplication.php(162): CWebApplication->processRequest()
#2 /var/www/vhosts/v-4762.webspace/www/c-k-a.kz/index.php(20): CApplication->run()
#3 {main}
REQUEST_URI=/xmlrpc.php
---
2021/07/28 19:08:40 [error] [exception.CHttpException.404] exception 'CHttpException' with message 'Невозможно обработать запрос "wp-login.php".' in /var/www/vhosts/v-4762.webspace/www/c-k-a.kz/framework/web/CWebApplication.php:287
Stack trace:
#0 /var/www/vhosts/v-4762.webspace/www/c-k-a.kz/framework/web/CWebApplication.php(142): CWebApplication->runController('wp-login.php')
#1 /var/www/vhosts/v-4762.webspace/www/c-k-a.kz/framework/base/CApplication.php(162): CWebApplication->processRequest()
#2 /var/www/vhosts/v-4762.webspace/www/c-k-a.kz/index.php(20): CApplication->run()
#3 {main}
REQUEST_URI=/wp-login.php
---
2021/07/28 19:08:41 [error] [exception.CHttpException.404] exception 'CHttpException' with message 'Невозможно обработать запрос "xmlrpc.php".' in /var/www/vhosts/v-4762.webspace/www/c-k-a.kz/framework/web/CWebApplication.php:287
Stack trace:
#0 /var/www/vhosts/v-4762.webspace/www/c-k-a.kz/framework/web/CWebApplication.php(142): CWebApplication->runController('xmlrpc.php')
#1 /var/www/vhosts/v-4762.webspace/www/c-k-a.kz/framework/base/CApplication.php(162): CWebApplication->processRequest()
#2 /var/www/vhosts/v-4762.webspace/www/c-k-a.kz/index.php(20): CApplication->run()
#3 {main}
REQUEST_URI=/xmlrpc.php
---
2021/07/28 21:21:44 [error] [exception.CHttpException.404] exception 'CHttpException' with message 'Невозможно обработать запрос "wp-login.php".' in /var/www/vhosts/v-4762.webspace/www/c-k-a.kz/framework/web/CWebApplication.php:287
Stack trace:
#0 /var/www/vhosts/v-4762.webspace/www/c-k-a.kz/framework/web/CWebApplication.php(142): CWebApplication->runController('wp-login.php')
#1 /var/www/vhosts/v-4762.webspace/www/c-k-a.kz/framework/base/CApplication.php(162): CWebApplication->processRequest()
#2 /var/www/vhosts/v-4762.webspace/www/c-k-a.kz/index.php(20): CApplication->run()
#3 {main}
REQUEST_URI=/wp-login.php
---
2021/07/28 21:21:45 [error] [exception.CHttpException.404] exception 'CHttpException' with message 'Невозможно обработать запрос "xmlrpc.php".' in /var/www/vhosts/v-4762.webspace/www/c-k-a.kz/framework/web/CWebApplication.php:287
Stack trace:
#0 /var/www/vhosts/v-4762.webspace/www/c-k-a.kz/framework/web/CWebApplication.php(142): CWebApplication->runController('xmlrpc.php')
#1 /var/www/vhosts/v-4762.webspace/www/c-k-a.kz/framework/base/CApplication.php(162): CWebApplication->processRequest()
#2 /var/www/vhosts/v-4762.webspace/www/c-k-a.kz/index.php(20): CApplication->run()
#3 {main}
REQUEST_URI=/xmlrpc.php
---
2021/07/28 23:34:44 [error] [exception.CHttpException.404] exception 'CHttpException' with message 'Невозможно обработать запрос "wp-login.php".' in /var/www/vhosts/v-4762.webspace/www/c-k-a.kz/framework/web/CWebApplication.php:287
Stack trace:
#0 /var/www/vhosts/v-4762.webspace/www/c-k-a.kz/framework/web/CWebApplication.php(142): CWebApplication->runController('wp-login.php')
#1 /var/www/vhosts/v-4762.webspace/www/c-k-a.kz/framework/base/CApplication.php(162): CWebApplication->processRequest()
#2 /var/www/vhosts/v-4762.webspace/www/c-k-a.kz/index.php(20): CApplication->run()
#3 {main}
REQUEST_URI=/wp-login.php
---
2021/07/29 00:31:43 [error] [exception.CHttpException.404] exception 'CHttpException' with message 'Невозможно обработать запрос "ads.txt".' in /var/www/vhosts/v-4762.webspace/www/c-k-a.kz/framework/web/CWebApplication.php:287
Stack trace:
#0 /var/www/vhosts/v-4762.webspace/www/c-k-a.kz/framework/web/CWebApplication.php(142): CWebApplication->runController('ads.txt')
#1 /var/www/vhosts/v-4762.webspace/www/c-k-a.kz/framework/base/CApplication.php(162): CWebApplication->processRequest()
#2 /var/www/vhosts/v-4762.webspace/www/c-k-a.kz/index.php(20): CApplication->run()
#3 {main}
REQUEST_URI=/ads.txt
---
2021/07/29 03:17:37 [error] [exception.CHttpException.404] exception 'CHttpException' with message 'Невозможно обработать запрос "wp-login.php".' in /var/www/vhosts/v-4762.webspace/www/c-k-a.kz/framework/web/CWebApplication.php:287
Stack trace:
#0 /var/www/vhosts/v-4762.webspace/www/c-k-a.kz/framework/web/CWebApplication.php(142): CWebApplication->runController('wp-login.php')
#1 /var/www/vhosts/v-4762.webspace/www/c-k-a.kz/framework/base/CApplication.php(162): CWebApplication->processRequest()
#2 /var/www/vhosts/v-4762.webspace/www/c-k-a.kz/index.php(20): CApplication->run()
#3 {main}
REQUEST_URI=/wp-login.php
---
2021/07/29 03:17:39 [error] [exception.CHttpException.404] exception 'CHttpException' with message 'Невозможно обработать запрос "xmlrpc.php".' in /var/www/vhosts/v-4762.webspace/www/c-k-a.kz/framework/web/CWebApplication.php:287
Stack trace:
#0 /var/www/vhosts/v-4762.webspace/www/c-k-a.kz/framework/web/CWebApplication.php(142): CWebApplication->runController('xmlrpc.php')
#1 /var/www/vhosts/v-4762.webspace/www/c-k-a.kz/framework/base/CApplication.php(162): CWebApplication->processRequest()
#2 /var/www/vhosts/v-4762.webspace/www/c-k-a.kz/index.php(20): CApplication->run()
#3 {main}
REQUEST_URI=/xmlrpc.php
---
2021/07/29 04:15:12 [error] [exception.CHttpException.404] exception 'CHttpException' with message 'Невозможно обработать запрос "wp-login.php".' in /var/www/vhosts/v-4762.webspace/www/c-k-a.kz/framework/web/CWebApplication.php:287
Stack trace:
#0 /var/www/vhosts/v-4762.webspace/www/c-k-a.kz/framework/web/CWebApplication.php(142): CWebApplication->runController('wp-login.php')
#1 /var/www/vhosts/v-4762.webspace/www/c-k-a.kz/framework/base/CApplication.php(162): CWebApplication->processRequest()
#2 /var/www/vhosts/v-4762.webspace/www/c-k-a.kz/index.php(20): CApplication->run()
#3 {main}
REQUEST_URI=/wp-login.php
---
2021/07/29 04:15:13 [error] [exception.CHttpException.404] exception 'CHttpException' with message 'Невозможно обработать запрос "xmlrpc.php".' in /var/www/vhosts/v-4762.webspace/www/c-k-a.kz/framework/web/CWebApplication.php:287
Stack trace:
#0 /var/www/vhosts/v-4762.webspace/www/c-k-a.kz/framework/web/CWebApplication.php(142): CWebApplication->runController('xmlrpc.php')
#1 /var/www/vhosts/v-4762.webspace/www/c-k-a.kz/framework/base/CApplication.php(162): CWebApplication->processRequest()
#2 /var/www/vhosts/v-4762.webspace/www/c-k-a.kz/index.php(20): CApplication->run()
#3 {main}
REQUEST_URI=/xmlrpc.php
---
2021/07/29 04:34:06 [error] [exception.CHttpException.404] exception 'CHttpException' with message 'Невозможно обработать запрос "wp-login.php".' in /var/www/vhosts/v-4762.webspace/www/c-k-a.kz/framework/web/CWebApplication.php:287
Stack trace:
#0 /var/www/vhosts/v-4762.webspace/www/c-k-a.kz/framework/web/CWebApplication.php(142): CWebApplication->runController('wp-login.php')
#1 /var/www/vhosts/v-4762.webspace/www/c-k-a.kz/framework/base/CApplication.php(162): CWebApplication->processRequest()
#2 /var/www/vhosts/v-4762.webspace/www/c-k-a.kz/index.php(20): CApplication->run()
#3 {main}
REQUEST_URI=/wp-login.php
---
2021/07/29 04:34:06 [error] [exception.CHttpException.404] exception 'CHttpException' with message 'Невозможно обработать запрос "xmlrpc.php".' in /var/www/vhosts/v-4762.webspace/www/c-k-a.kz/framework/web/CWebApplication.php:287
Stack trace:
#0 /var/www/vhosts/v-4762.webspace/www/c-k-a.kz/framework/web/CWebApplication.php(142): CWebApplication->runController('xmlrpc.php')
#1 /var/www/vhosts/v-4762.webspace/www/c-k-a.kz/framework/base/CApplication.php(162): CWebApplication->processRequest()
#2 /var/www/vhosts/v-4762.webspace/www/c-k-a.kz/index.php(20): CApplication->run()
#3 {main}
REQUEST_URI=/xmlrpc.php
---
2021/07/29 06:05:16 [error] [exception.CHttpException.404] exception 'CHttpException' with message 'Невозможно обработать запрос "ads.txt".' in /var/www/vhosts/v-4762.webspace/www/c-k-a.kz/framework/web/CWebApplication.php:287
Stack trace:
#0 /var/www/vhosts/v-4762.webspace/www/c-k-a.kz/framework/web/CWebApplication.php(142): CWebApplication->runController('ads.txt')
#1 /var/www/vhosts/v-4762.webspace/www/c-k-a.kz/framework/base/CApplication.php(162): CWebApplication->processRequest()
#2 /var/www/vhosts/v-4762.webspace/www/c-k-a.kz/index.php(20): CApplication->run()
#3 {main}
REQUEST_URI=/ads.txt
---
2021/07/29 11:05:38 [error] [exception.CHttpException.404] exception 'CHttpException' with message 'Невозможно обработать запрос "wp-login.php".' in /var/www/vhosts/v-4762.webspace/www/c-k-a.kz/framework/web/CWebApplication.php:287
Stack trace:
#0 /var/www/vhosts/v-4762.webspace/www/c-k-a.kz/framework/web/CWebApplication.php(142): CWebApplication->runController('wp-login.php')
#1 /var/www/vhosts/v-4762.webspace/www/c-k-a.kz/framework/base/CApplication.php(162): CWebApplication->processRequest()
#2 /var/www/vhosts/v-4762.webspace/www/c-k-a.kz/index.php(20): CApplication->run()
#3 {main}
REQUEST_URI=/wp-login.php
---
2021/07/29 11:05:39 [error] [exception.CHttpException.404] exception 'CHttpException' with message 'Невозможно обработать запрос "xmlrpc.php".' in /var/www/vhosts/v-4762.webspace/www/c-k-a.kz/framework/web/CWebApplication.php:287
Stack trace:
#0 /var/www/vhosts/v-4762.webspace/www/c-k-a.kz/framework/web/CWebApplication.php(142): CWebApplication->runController('xmlrpc.php')
#1 /var/www/vhosts/v-4762.webspace/www/c-k-a.kz/framework/base/CApplication.php(162): CWebApplication->processRequest()
#2 /var/www/vhosts/v-4762.webspace/www/c-k-a.kz/index.php(20): CApplication->run()
#3 {main}
REQUEST_URI=/xmlrpc.php
---
2021/07/29 16:17:30 [error] [exception.CHttpException.404] exception 'CHttpException' with message 'Невозможно обработать запрос "wp-login.php".' in /var/www/vhosts/v-4762.webspace/www/c-k-a.kz/framework/web/CWebApplication.php:287
Stack trace:
#0 /var/www/vhosts/v-4762.webspace/www/c-k-a.kz/framework/web/CWebApplication.php(142): CWebApplication->runController('wp-login.php')
#1 /var/www/vhosts/v-4762.webspace/www/c-k-a.kz/framework/base/CApplication.php(162): CWebApplication->processRequest()
#2 /var/www/vhosts/v-4762.webspace/www/c-k-a.kz/index.php(20): CApplication->run()
#3 {main}
REQUEST_URI=/wp-login.php
---
2021/07/29 16:17:31 [error] [exception.CHttpException.404] exception 'CHttpException' with message 'Невозможно обработать запрос "xmlrpc.php".' in /var/www/vhosts/v-4762.webspace/www/c-k-a.kz/framework/web/CWebApplication.php:287
Stack trace:
#0 /var/www/vhosts/v-4762.webspace/www/c-k-a.kz/framework/web/CWebApplication.php(142): CWebApplication->runController('xmlrpc.php')
#1 /var/www/vhosts/v-4762.webspace/www/c-k-a.kz/framework/base/CApplication.php(162): CWebApplication->processRequest()
#2 /var/www/vhosts/v-4762.webspace/www/c-k-a.kz/index.php(20): CApplication->run()
#3 {main}
REQUEST_URI=/xmlrpc.php
---
2021/07/29 16:27:13 [error] [exception.CHttpException.404] exception 'CHttpException' with message 'Невозможно обработать запрос "wp-login.php".' in /var/www/vhosts/v-4762.webspace/www/c-k-a.kz/framework/web/CWebApplication.php:287
Stack trace:
#0 /var/www/vhosts/v-4762.webspace/www/c-k-a.kz/framework/web/CWebApplication.php(142): CWebApplication->runController('wp-login.php')
#1 /var/www/vhosts/v-4762.webspace/www/c-k-a.kz/framework/base/CApplication.php(162): CWebApplication->processRequest()
#2 /var/www/vhosts/v-4762.webspace/www/c-k-a.kz/index.php(20): CApplication->run()
#3 {main}
REQUEST_URI=/wp-login.php
---
2021/07/29 16:27:14 [error] [exception.CHttpException.404] exception 'CHttpException' with message 'Невозможно обработать запрос "xmlrpc.php".' in /var/www/vhosts/v-4762.webspace/www/c-k-a.kz/framework/web/CWebApplication.php:287
Stack trace:
#0 /var/www/vhosts/v-4762.webspace/www/c-k-a.kz/framework/web/CWebApplication.php(142): CWebApplication->runController('xmlrpc.php')
#1 /var/www/vhosts/v-4762.webspace/www/c-k-a.kz/framework/base/CApplication.php(162): CWebApplication->processRequest()
#2 /var/www/vhosts/v-4762.webspace/www/c-k-a.kz/index.php(20): CApplication->run()
#3 {main}
REQUEST_URI=/xmlrpc.php
---
2021/07/29 19:44:18 [error] [exception.CHttpException.404] exception 'CHttpException' with message 'Невозможно обработать запрос "wp-login.php".' in /var/www/vhosts/v-4762.webspace/www/c-k-a.kz/framework/web/CWebApplication.php:287
Stack trace:
#0 /var/www/vhosts/v-4762.webspace/www/c-k-a.kz/framework/web/CWebApplication.php(142): CWebApplication->runController('wp-login.php')
#1 /var/www/vhosts/v-4762.webspace/www/c-k-a.kz/framework/base/CApplication.php(162): CWebApplication->processRequest()
#2 /var/www/vhosts/v-4762.webspace/www/c-k-a.kz/index.php(20): CApplication->run()
#3 {main}
REQUEST_URI=/wp-login.php
---
2021/07/29 19:44:19 [error] [exception.CHttpException.404] exception 'CHttpException' with message 'Невозможно обработать запрос "xmlrpc.php".' in /var/www/vhosts/v-4762.webspace/www/c-k-a.kz/framework/web/CWebApplication.php:287
Stack trace:
#0 /var/www/vhosts/v-4762.webspace/www/c-k-a.kz/framework/web/CWebApplication.php(142): CWebApplication->runController('xmlrpc.php')
#1 /var/www/vhosts/v-4762.webspace/www/c-k-a.kz/framework/base/CApplication.php(162): CWebApplication->processRequest()
#2 /var/www/vhosts/v-4762.webspace/www/c-k-a.kz/index.php(20): CApplication->run()
#3 {main}
REQUEST_URI=/xmlrpc.php
---
2021/07/29 19:47:25 [error] [exception.CHttpException.404] exception 'CHttpException' with message 'Невозможно обработать запрос "site_map".' in /var/www/vhosts/v-4762.webspace/www/c-k-a.kz/framework/web/CWebApplication.php:287
Stack trace:
#0 /var/www/vhosts/v-4762.webspace/www/c-k-a.kz/framework/web/CWebApplication.php(142): CWebApplication->runController('site_map')
#1 /var/www/vhosts/v-4762.webspace/www/c-k-a.kz/framework/base/CApplication.php(162): CWebApplication->processRequest()
#2 /var/www/vhosts/v-4762.webspace/www/c-k-a.kz/index.php(20): CApplication->run()
#3 {main}
REQUEST_URI=/index.php/site_map
---
2021/07/29 21:34:09 [error] [exception.CHttpException.404] exception 'CHttpException' with message 'Невозможно обработать запрос "wp-login.php".' in /var/www/vhosts/v-4762.webspace/www/c-k-a.kz/framework/web/CWebApplication.php:287
Stack trace:
#0 /var/www/vhosts/v-4762.webspace/www/c-k-a.kz/framework/web/CWebApplication.php(142): CWebApplication->runController('wp-login.php')
#1 /var/www/vhosts/v-4762.webspace/www/c-k-a.kz/framework/base/CApplication.php(162): CWebApplication->processRequest()
#2 /var/www/vhosts/v-4762.webspace/www/c-k-a.kz/index.php(20): CApplication->run()
#3 {main}
REQUEST_URI=/wp-login.php
---
2021/07/29 21:34:10 [error] [exception.CHttpException.404] exception 'CHttpException' with message 'Невозможно обработать запрос "xmlrpc.php".' in /var/www/vhosts/v-4762.webspace/www/c-k-a.kz/framework/web/CWebApplication.php:287
Stack trace:
#0 /var/www/vhosts/v-4762.webspace/www/c-k-a.kz/framework/web/CWebApplication.php(142): CWebApplication->runController('xmlrpc.php')
#1 /var/www/vhosts/v-4762.webspace/www/c-k-a.kz/framework/base/CApplication.php(162): CWebApplication->processRequest()
#2 /var/www/vhosts/v-4762.webspace/www/c-k-a.kz/index.php(20): CApplication->run()
#3 {main}
REQUEST_URI=/xmlrpc.php
---
2021/07/29 23:23:51 [error] [exception.CHttpException.404] exception 'CHttpException' with message 'Невозможно обработать запрос "wp-login.php".' in /var/www/vhosts/v-4762.webspace/www/c-k-a.kz/framework/web/CWebApplication.php:287
Stack trace:
#0 /var/www/vhosts/v-4762.webspace/www/c-k-a.kz/framework/web/CWebApplication.php(142): CWebApplication->runController('wp-login.php')
#1 /var/www/vhosts/v-4762.webspace/www/c-k-a.kz/framework/base/CApplication.php(162): CWebApplication->processRequest()
#2 /var/www/vhosts/v-4762.webspace/www/c-k-a.kz/index.php(20): CApplication->run()
#3 {main}
REQUEST_URI=/wp-login.php
---
2021/07/29 23:23:52 [error] [exception.CHttpException.404] exception 'CHttpException' with message 'Невозможно обработать запрос "xmlrpc.php".' in /var/www/vhosts/v-4762.webspace/www/c-k-a.kz/framework/web/CWebApplication.php:287
Stack trace:
#0 /var/www/vhosts/v-4762.webspace/www/c-k-a.kz/framework/web/CWebApplication.php(142): CWebApplication->runController('xmlrpc.php')
#1 /var/www/vhosts/v-4762.webspace/www/c-k-a.kz/framework/base/CApplication.php(162): CWebApplication->processRequest()
#2 /var/www/vhosts/v-4762.webspace/www/c-k-a.kz/index.php(20): CApplication->run()
#3 {main}
REQUEST_URI=/xmlrpc.php
---
