23.01.2022 14:16:01 https://www.alibaba.com/trade/search?IndexArea=product_en&SearchText=Glencairn+Whisky+Glass+in+Gift+Carton%2C+Set+of+2+in&moqt=2&ta=y&f0=y&pricef=0.1&pricet=6.25&Country=CN - fail Find_PriceMax_Ali
23.01.2022 14:16:02 total time: 0.88
23.01.2022 14:20:10 start parse...
23.01.2022 14:20:15 log ID: 604
23.01.2022 14:20:59 start parse...
23.01.2022 14:21:03 log ID: 605
23.01.2022 14:21:03 Parse Url(Title): https://www.alibaba.com/trade/search?IndexArea=product_en&SearchText=Glencairn+Whisky+Glass+in+Gift+Carton%2C+Set+of+2+in&moqt=2&ta=y&f0=y&pricef=0.1&pricet=6.25&Country=CN
23.01.2022 14:21:47 no such element: Unable to locate element: {"method":"css selector","selector":".promotion-activity-tag pc"}
  (Session info: chrome=97.0.4692.71)
23.01.2022 14:21:48 no such element: Unable to locate element: {"method":"css selector","selector":".element-key-parameters-p"}
  (Session info: chrome=97.0.4692.71)
23.01.2022 14:21:48 invalid selector: An invalid or illegal selector was specified
  (Session info: chrome=97.0.4692.71)
23.01.2022 14:21:49 no such element: Unable to locate element: {"method":"css selector","selector":".icbu-certificate-icon.icbu-certificate-icon-verified.supplier-tag-verified"}
  (Session info: chrome=97.0.4692.71)
23.01.2022 14:21:50 no such element: Unable to locate element: {"method":"css selector","selector":".element-promotion-shipping-price__shipping"}
  (Session info: chrome=97.0.4692.71)
23.01.2022 14:21:50 no such element: Unable to locate element: {"method":"css selector","selector":".element-promotion-shipping-price__price"}
  (Session info: chrome=97.0.4692.71)
23.01.2022 14:21:52 Open Url: https://www.alibaba.com/product-detail/Gift-Whiskey-Glasses-Glass-Hot-Sale_1600376844133.html?s=p
23.01.2022 14:22:33 
23.01.2022 14:22:34 total time: 1.52
23.01.2022 14:23:15 start parse...
23.01.2022 14:23:20 log ID: 606
23.01.2022 14:23:20 Parse Url(Title): https://www.alibaba.com/trade/search?IndexArea=product_en&SearchText=Glencairn+Whisky+Glass+in+Gift+Carton%2C+Set+of+2+in&moqt=2&ta=y&f0=y&pricef=0.1&pricet=6.25&Country=CN
23.01.2022 14:24:06 no such element: Unable to locate element: {"method":"css selector","selector":".promotion-activity-tag pc"}
  (Session info: chrome=97.0.4692.71)
23.01.2022 14:24:07 no such element: Unable to locate element: {"method":"css selector","selector":".element-key-parameters-p"}
  (Session info: chrome=97.0.4692.71)
23.01.2022 14:24:07 invalid selector: An invalid or illegal selector was specified
  (Session info: chrome=97.0.4692.71)
23.01.2022 14:24:11 Open Url: https://www.alibaba.com/product-detail/Glass-Whisky-Glass-World-Glass-Decanter_62569567987.html?s=p
23.01.2022 14:25:05 no such element: Unable to locate element: {"method":"css selector","selector":".module_companycard .business-type-lite"}
  (Session info: chrome=97.0.4692.71)
23.01.2022 14:25:05 no such element: Unable to locate element: {"method":"css selector","selector":".module_companycard .business-type-lite"}
  (Session info: chrome=97.0.4692.71)
23.01.2022 14:25:06 no such element: Unable to locate element: {"method":"css selector","selector":".module_companycard .business-type-lite"}
  (Session info: chrome=97.0.4692.71)
23.01.2022 14:25:07 no such element: Unable to locate element: {"method":"css selector","selector":".ui2-balloon .sku-all-quantity"}
  (Session info: chrome=97.0.4692.71)
23.01.2022 14:25:07 no such element: Unable to locate element: {"method":"css selector","selector":".module_companycard .business-type-lite"}
  (Session info: chrome=97.0.4692.71)
23.01.2022 14:25:08 no such element: Unable to locate element: {"method":"css selector","selector":".module_companycard .business-type-lite"}
  (Session info: chrome=97.0.4692.71)
23.01.2022 14:25:08 no such element: Unable to locate element: {"method":"css selector","selector":".price"}
  (Session info: chrome=97.0.4692.71)
23.01.2022 14:25:08 no such element: Unable to locate element: {"method":"css selector","selector":".module_companycard .business-type-lite"}
  (Session info: chrome=97.0.4692.71)
23.01.2022 14:25:09 no such element: Unable to locate element: {"method":"css selector","selector":".module_companycard .business-type-lite"}
  (Session info: chrome=97.0.4692.71)
23.01.2022 14:25:09 no such element: Unable to locate element: {"method":"css selector","selector":".module_companycard .business-type-lite"}
  (Session info: chrome=97.0.4692.71)
23.01.2022 14:25:10 no such element: Unable to locate element: {"method":"css selector","selector":".price"}
  (Session info: chrome=97.0.4692.71)
23.01.2022 14:25:10 no such element: Unable to locate element: {"method":"css selector","selector":".module_companycard .business-type-lite"}
  (Session info: chrome=97.0.4692.71)
23.01.2022 14:25:20 stale element reference: element is not attached to the page document
  (Session info: chrome=97.0.4692.71)
23.01.2022 14:25:20 total time: 2
23.01.2022 14:26:00 start parse...
23.01.2022 14:26:04 log ID: 607
23.01.2022 14:26:04 Parse Url(Title): https://www.alibaba.com/trade/search?IndexArea=product_en&SearchText=Glencairn+Whisky+Glass+in+Gift+Carton%2C+Set+of+2+in&moqt=2&ta=y&f0=y&pricef=0.1&pricet=6.25&Country=CN
23.01.2022 14:26:45 no such element: Unable to locate element: {"method":"css selector","selector":".promotion-activity-tag pc"}
  (Session info: chrome=97.0.4692.71)
23.01.2022 14:26:45 no such element: Unable to locate element: {"method":"css selector","selector":".element-key-parameters-p"}
  (Session info: chrome=97.0.4692.71)
23.01.2022 14:26:46 invalid selector: An invalid or illegal selector was specified
  (Session info: chrome=97.0.4692.71)
23.01.2022 14:26:48 Open Url: https://www.alibaba.com/product-detail/Glass-Whisky-Glass-World-Glass-Decanter_62569567987.html?s=p
23.01.2022 14:27:22 no such element: Unable to locate element: {"method":"css selector","selector":".module_companycard .business-type-lite"}
  (Session info: chrome=97.0.4692.71)
23.01.2022 14:27:22 no such element: Unable to locate element: {"method":"css selector","selector":".module_companycard .business-type-lite"}
  (Session info: chrome=97.0.4692.71)
23.01.2022 14:27:23 no such element: Unable to locate element: {"method":"css selector","selector":".module_companycard .business-type-lite"}
  (Session info: chrome=97.0.4692.71)
23.01.2022 14:27:24 no such element: Unable to locate element: {"method":"css selector","selector":".ui2-balloon .sku-all-quantity"}
  (Session info: chrome=97.0.4692.71)
23.01.2022 14:27:24 no such element: Unable to locate element: {"method":"css selector","selector":".module_companycard .business-type-lite"}
  (Session info: chrome=97.0.4692.71)
23.01.2022 14:27:25 no such element: Unable to locate element: {"method":"css selector","selector":".module_companycard .business-type-lite"}
  (Session info: chrome=97.0.4692.71)
23.01.2022 14:27:25 no such element: Unable to locate element: {"method":"css selector","selector":".price"}
  (Session info: chrome=97.0.4692.71)
23.01.2022 14:27:25 no such element: Unable to locate element: {"method":"css selector","selector":".module_companycard .business-type-lite"}
  (Session info: chrome=97.0.4692.71)
23.01.2022 14:27:26 no such element: Unable to locate element: {"method":"css selector","selector":".module_companycard .business-type-lite"}
  (Session info: chrome=97.0.4692.71)
23.01.2022 14:27:27 no such element: Unable to locate element: {"method":"css selector","selector":".module_companycard .business-type-lite"}
  (Session info: chrome=97.0.4692.71)
23.01.2022 14:27:27 no such element: Unable to locate element: {"method":"css selector","selector":".price"}
  (Session info: chrome=97.0.4692.71)
23.01.2022 14:27:27 no such element: Unable to locate element: {"method":"css selector","selector":".module_companycard .business-type-lite"}
  (Session info: chrome=97.0.4692.71)
23.01.2022 14:27:37 stale element reference: element is not attached to the page document
  (Session info: chrome=97.0.4692.71)
23.01.2022 14:27:37 total time: 1.55
23.01.2022 14:30:43 start parse...
23.01.2022 14:30:48 log ID: 608
23.01.2022 14:30:48 Parse Url(Title): https://www.alibaba.com/trade/search?IndexArea=product_en&SearchText=Glencairn+Whisky+Glass+in+Gift+Carton%2C+Set+of+2+in&moqt=2&ta=y&f0=y&pricef=0.1&pricet=6.25&Country=CN
23.01.2022 14:31:37 no such element: Unable to locate element: {"method":"css selector","selector":".promotion-activity-tag pc"}
  (Session info: chrome=97.0.4692.71)
23.01.2022 14:31:37 no such element: Unable to locate element: {"method":"css selector","selector":".element-key-parameters-p"}
  (Session info: chrome=97.0.4692.71)
23.01.2022 14:31:37 invalid selector: An invalid or illegal selector was specified
  (Session info: chrome=97.0.4692.71)
23.01.2022 14:31:38 no such element: Unable to locate element: {"method":"css selector","selector":".icbu-certificate-icon.icbu-certificate-icon-verified.supplier-tag-verified"}
  (Session info: chrome=97.0.4692.71)
23.01.2022 14:31:39 no such element: Unable to locate element: {"method":"css selector","selector":".element-promotion-shipping-price__shipping"}
  (Session info: chrome=97.0.4692.71)
23.01.2022 14:31:39 no such element: Unable to locate element: {"method":"css selector","selector":".element-promotion-shipping-price__price"}
  (Session info: chrome=97.0.4692.71)
23.01.2022 14:31:42 Open Url: https://www.alibaba.com/product-detail/Gift-Whiskey-Glasses-Glass-Hot-Sale_1600376844133.html?s=p
23.01.2022 14:32:39 
23.01.2022 14:32:39 total time: 1.85
23.01.2022 14:33:28 start parse...
23.01.2022 14:33:33 log ID: 609
23.01.2022 14:33:33 Parse Url(Title): https://www.alibaba.com/trade/search?IndexArea=product_en&SearchText=Glencairn+Whisky+Glass+in+Gift+Carton%2C+Set+of+2+in&moqt=2&ta=y&f0=y&pricef=0.1&pricet=6.25&Country=CN
23.01.2022 14:34:15 no such element: Unable to locate element: {"method":"css selector","selector":".promotion-activity-tag pc"}
  (Session info: chrome=97.0.4692.71)
23.01.2022 14:34:16 no such element: Unable to locate element: {"method":"css selector","selector":".element-key-parameters-p"}
  (Session info: chrome=97.0.4692.71)
23.01.2022 14:34:16 invalid selector: An invalid or illegal selector was specified
  (Session info: chrome=97.0.4692.71)
23.01.2022 14:34:16 no such element: Unable to locate element: {"method":"css selector","selector":".icbu-certificate-icon.icbu-certificate-icon-verified.supplier-tag-verified"}
  (Session info: chrome=97.0.4692.71)
23.01.2022 14:34:17 no such element: Unable to locate element: {"method":"css selector","selector":".element-promotion-shipping-price__shipping"}
  (Session info: chrome=97.0.4692.71)
23.01.2022 14:34:17 no such element: Unable to locate element: {"method":"css selector","selector":".element-promotion-shipping-price__price"}
  (Session info: chrome=97.0.4692.71)
23.01.2022 14:34:19 Open Url: https://www.alibaba.com/product-detail/Gift-Whiskey-Glasses-Glass-Hot-Sale_1600376844133.html?s=p
23.01.2022 14:35:03 
23.01.2022 14:35:03 total time: 1.5
23.01.2022 14:35:46 start parse...
23.01.2022 14:35:51 log ID: 610
23.01.2022 14:35:52 Parse Url(Title): https://www.alibaba.com/trade/search?IndexArea=product_en&SearchText=Glencairn+Whisky+Glass+in+Gift+Carton%2C+Set+of+2+in&moqt=2&ta=y&f0=y&pricef=0.1&pricet=6.25&Country=CN
23.01.2022 14:36:34 no such element: Unable to locate element: {"method":"css selector","selector":".promotion-activity-tag pc"}
  (Session info: chrome=97.0.4692.71)
23.01.2022 14:36:35 no such element: Unable to locate element: {"method":"css selector","selector":".element-key-parameters-p"}
  (Session info: chrome=97.0.4692.71)
23.01.2022 14:36:35 invalid selector: An invalid or illegal selector was specified
  (Session info: chrome=97.0.4692.71)
23.01.2022 14:36:36 no such element: Unable to locate element: {"method":"css selector","selector":".icbu-certificate-icon.icbu-certificate-icon-verified.supplier-tag-verified"}
  (Session info: chrome=97.0.4692.71)
23.01.2022 14:36:37 no such element: Unable to locate element: {"method":"css selector","selector":".element-promotion-shipping-price__shipping"}
  (Session info: chrome=97.0.4692.71)
23.01.2022 14:36:37 no such element: Unable to locate element: {"method":"css selector","selector":".element-promotion-shipping-price__price"}
  (Session info: chrome=97.0.4692.71)
23.01.2022 14:36:39 Open Url: https://www.alibaba.com/product-detail/Gift-Whiskey-Glasses-Glass-Hot-Sale_1600376844133.html?s=p
23.01.2022 14:37:16 
23.01.2022 14:37:17 total time: 1.43
23.01.2022 14:43:41 start parse...
23.01.2022 14:43:46 log ID: 611
23.01.2022 14:43:46 Parse Url(Title): https://www.alibaba.com/trade/search?IndexArea=product_en&SearchText=Glencairn+Whisky+Glass+in+Gift+Carton%2C+Set+of+2+in&moqt=2&ta=y&f0=y&pricef=0.1&pricet=6.25&Country=CN
23.01.2022 14:44:26 no such element: Unable to locate element: {"method":"css selector","selector":".promotion-activity-tag pc"}
  (Session info: chrome=97.0.4692.71)
23.01.2022 14:44:26 no such element: Unable to locate element: {"method":"css selector","selector":".element-key-parameters-p"}
  (Session info: chrome=97.0.4692.71)
23.01.2022 14:44:26 invalid selector: An invalid or illegal selector was specified
  (Session info: chrome=97.0.4692.71)
23.01.2022 14:44:27 no such element: Unable to locate element: {"method":"css selector","selector":".icbu-certificate-icon.icbu-certificate-icon-verified.supplier-tag-verified"}
  (Session info: chrome=97.0.4692.71)
23.01.2022 14:44:28 no such element: Unable to locate element: {"method":"css selector","selector":".element-promotion-shipping-price__shipping"}
  (Session info: chrome=97.0.4692.71)
23.01.2022 14:44:28 no such element: Unable to locate element: {"method":"css selector","selector":".element-promotion-shipping-price__price"}
  (Session info: chrome=97.0.4692.71)
23.01.2022 14:44:30 Open Url: https://www.alibaba.com/product-detail/Gift-Whiskey-Glasses-Glass-Hot-Sale_1600376844133.html?s=p
23.01.2022 14:45:16 
23.01.2022 14:45:16 total time: 1.5
23.01.2022 14:59:07 start parse...
23.01.2022 14:59:11 log ID: 612
23.01.2022 14:59:11 Parse Url(Title): https://www.alibaba.com/trade/search?IndexArea=product_en&SearchText=Glencairn+Whisky+Glass+in+Gift+Carton%2C+Set+of+2+in&moqt=2&ta=y&f0=y&pricef=1&pricet=6.25&Country=CN
23.01.2022 14:59:47 no such element: Unable to locate element: {"method":"css selector","selector":".promotion-activity-tag pc"}
  (Session info: chrome=97.0.4692.71)
23.01.2022 14:59:47 no such element: Unable to locate element: {"method":"css selector","selector":".element-key-parameters-p"}
  (Session info: chrome=97.0.4692.71)
23.01.2022 14:59:48 invalid selector: An invalid or illegal selector was specified
  (Session info: chrome=97.0.4692.71)
23.01.2022 14:59:48 no such element: Unable to locate element: {"method":"css selector","selector":".icbu-certificate-icon.icbu-certificate-icon-verified.supplier-tag-verified"}
  (Session info: chrome=97.0.4692.71)
23.01.2022 14:59:48 no such element: Unable to locate element: {"method":"css selector","selector":".element-promotion-shipping-price__shipping"}
  (Session info: chrome=97.0.4692.71)
23.01.2022 14:59:49 no such element: Unable to locate element: {"method":"css selector","selector":".element-promotion-shipping-price__price"}
  (Session info: chrome=97.0.4692.71)
23.01.2022 14:59:50 Open Url: https://www.alibaba.com/product-detail/Gift-Whiskey-Glasses-Glass-Hot-Sale_1600376844133.html?s=p
23.01.2022 15:00:33 
23.01.2022 15:00:35 total time: 1.4
23.01.2022 15:01:25 start parse...
23.01.2022 15:01:30 log ID: 613
23.01.2022 15:01:30 Parse Url(Title): https://www.alibaba.com/trade/search?IndexArea=product_en&SearchText=Glencairn+Whisky+Glass+in+Gift+Carton%2C+Set+of+2+in&moqt=2&ta=y&f0=y&pricef=1&pricet=6.25&Country=CN
23.01.2022 15:02:10 no such element: Unable to locate element: {"method":"css selector","selector":".promotion-activity-tag pc"}
  (Session info: chrome=97.0.4692.71)
23.01.2022 15:02:11 no such element: Unable to locate element: {"method":"css selector","selector":".element-key-parameters-p"}
  (Session info: chrome=97.0.4692.71)
23.01.2022 15:02:11 invalid selector: An invalid or illegal selector was specified
  (Session info: chrome=97.0.4692.71)
23.01.2022 15:02:13 no such element: Unable to locate element: {"method":"css selector","selector":".element-promotion-shipping-price__shipping"}
  (Session info: chrome=97.0.4692.71)
23.01.2022 15:02:13 no such element: Unable to locate element: {"method":"css selector","selector":".element-promotion-shipping-price__price"}
  (Session info: chrome=97.0.4692.71)
23.01.2022 15:02:15 Open Url: https://www.alibaba.com/product-detail/Glass-Whisky-Gift-Whisky-Set-Unique_1600241737557.html?s=p
23.01.2022 15:03:09 
23.01.2022 15:03:10 total time: 1.67
23.01.2022 15:04:25 start parse...
23.01.2022 15:04:29 log ID: 614
23.01.2022 15:04:30 Parse Url(Title): https://www.alibaba.com/trade/search?IndexArea=product_en&SearchText=Glencairn+Whisky+Glass+in+Gift+Carton%2C+Set+of+2+in&moqt=2&ta=y&f0=y&pricef=1&pricet=6.25&Country=CN
23.01.2022 15:05:30 no such element: Unable to locate element: {"method":"css selector","selector":".promotion-activity-tag pc"}
  (Session info: chrome=97.0.4692.71)
23.01.2022 15:05:31 no such element: Unable to locate element: {"method":"css selector","selector":".element-key-parameters-p"}
  (Session info: chrome=97.0.4692.71)
23.01.2022 15:05:31 invalid selector: An invalid or illegal selector was specified
  (Session info: chrome=97.0.4692.71)
23.01.2022 15:05:32 no such element: Unable to locate element: {"method":"css selector","selector":".element-promotion-shipping-price__shipping"}
  (Session info: chrome=97.0.4692.71)
23.01.2022 15:05:32 no such element: Unable to locate element: {"method":"css selector","selector":".element-promotion-shipping-price__price"}
  (Session info: chrome=97.0.4692.71)
23.01.2022 15:05:35 Open Url: https://www.alibaba.com/product-detail/Glass-Whisky-Gift-Whisky-Set-Unique_1600241737557.html?s=p
23.01.2022 15:06:35 
23.01.2022 15:06:36 total time: 2.12
23.01.2022 15:06:52 start parse...
23.01.2022 15:06:56 log ID: 615
23.01.2022 15:06:56 Parse Url(Title): https://www.alibaba.com/trade/search?IndexArea=product_en&SearchText=Glencairn+Whisky+Glass+in+Gift+Carton%2C+Set+of+2+in&moqt=2&ta=y&f0=y&pricef=1&pricet=6.25&Country=CN
23.01.2022 15:07:38 no such element: Unable to locate element: {"method":"css selector","selector":".promotion-activity-tag pc"}
  (Session info: chrome=97.0.4692.71)
23.01.2022 15:07:39 no such element: Unable to locate element: {"method":"css selector","selector":".element-key-parameters-p"}
  (Session info: chrome=97.0.4692.71)
23.01.2022 15:07:39 invalid selector: An invalid or illegal selector was specified
  (Session info: chrome=97.0.4692.71)
23.01.2022 15:07:39 no such element: Unable to locate element: {"method":"css selector","selector":".icbu-certificate-icon.icbu-certificate-icon-verified.supplier-tag-verified"}
  (Session info: chrome=97.0.4692.71)
23.01.2022 15:07:40 no such element: Unable to locate element: {"method":"css selector","selector":".element-promotion-shipping-price__shipping"}
  (Session info: chrome=97.0.4692.71)
23.01.2022 15:07:40 no such element: Unable to locate element: {"method":"css selector","selector":".element-promotion-shipping-price__price"}
  (Session info: chrome=97.0.4692.71)
23.01.2022 15:07:42 Open Url: https://www.alibaba.com/product-detail/Gift-Whiskey-Glasses-Glass-Hot-Sale_1600376844133.html?s=p
23.01.2022 15:08:25 
23.01.2022 15:08:26 total time: 1.5
23.01.2022 15:10:57 start parse...
23.01.2022 15:11:02 log ID: 616
23.01.2022 15:11:02 Parse Url(Title): https://www.alibaba.com/trade/search?IndexArea=product_en&SearchText=Glencairn+Whisky+Glass+in+Gift+Carton%2C+Set+of+2+in&moqt=2&ta=y&f0=y&pricef=1&pricet=6.25&Country=CN
23.01.2022 15:11:53 no such element: Unable to locate element: {"method":"css selector","selector":".promotion-activity-tag pc"}
  (Session info: chrome=97.0.4692.71)
23.01.2022 15:11:54 no such element: Unable to locate element: {"method":"css selector","selector":".element-key-parameters-p"}
  (Session info: chrome=97.0.4692.71)
23.01.2022 15:11:54 invalid selector: An invalid or illegal selector was specified
  (Session info: chrome=97.0.4692.71)
23.01.2022 15:11:55 no such element: Unable to locate element: {"method":"css selector","selector":".element-promotion-shipping-price__shipping"}
  (Session info: chrome=97.0.4692.71)
23.01.2022 15:11:55 no such element: Unable to locate element: {"method":"css selector","selector":".element-promotion-shipping-price__price"}
  (Session info: chrome=97.0.4692.71)
23.01.2022 15:11:59 Open Url: https://www.alibaba.com/product-detail/Glass-Whisky-Gift-Whisky-Set-Unique_1600241737557.html?s=p
23.01.2022 15:12:53 
23.01.2022 15:13:53 start parse...
23.01.2022 15:13:56 log ID: 617
23.01.2022 15:13:57 Parse Url(Title): https://www.alibaba.com/trade/search?IndexArea=product_en&SearchText=Glencairn+Whisky+Glass+in+Gift+Carton%2C+Set+of+2+in&moqt=2&ta=y&f0=y&pricef=1&pricet=6.25&Country=CN
23.01.2022 15:14:38 no such element: Unable to locate element: {"method":"css selector","selector":".promotion-activity-tag pc"}
  (Session info: chrome=97.0.4692.71)
23.01.2022 15:14:38 no such element: Unable to locate element: {"method":"css selector","selector":".element-key-parameters-p"}
  (Session info: chrome=97.0.4692.71)
23.01.2022 15:14:38 invalid selector: An invalid or illegal selector was specified
  (Session info: chrome=97.0.4692.71)
23.01.2022 15:14:39 no such element: Unable to locate element: {"method":"css selector","selector":".icbu-certificate-icon.icbu-certificate-icon-verified.supplier-tag-verified"}
  (Session info: chrome=97.0.4692.71)
23.01.2022 15:14:39 no such element: Unable to locate element: {"method":"css selector","selector":".element-promotion-shipping-price__shipping"}
  (Session info: chrome=97.0.4692.71)
23.01.2022 15:14:39 no such element: Unable to locate element: {"method":"css selector","selector":".element-promotion-shipping-price__price"}
  (Session info: chrome=97.0.4692.71)
23.01.2022 15:14:41 Open Url: https://www.alibaba.com/product-detail/Gift-Whiskey-Glasses-Glass-Hot-Sale_1600376844133.html?s=p
23.01.2022 15:15:24 
23.01.2022 15:19:18 start parse...
23.01.2022 15:19:22 log ID: 618
23.01.2022 15:19:22 Parse Url(Title): https://www.alibaba.com/trade/search?IndexArea=product_en&SearchText=Glencairn+Whisky+Glass+in+Gift+Carton%2C+Set+of+2+in&moqt=2&ta=y&f0=y&pricef=1&pricet=6.25&Country=CN
23.01.2022 15:20:08 no such element: Unable to locate element: {"method":"css selector","selector":".promotion-activity-tag pc"}
  (Session info: chrome=97.0.4692.71)
23.01.2022 15:20:08 no such element: Unable to locate element: {"method":"css selector","selector":".element-key-parameters-p"}
  (Session info: chrome=97.0.4692.71)
23.01.2022 15:20:08 invalid selector: An invalid or illegal selector was specified
  (Session info: chrome=97.0.4692.71)
23.01.2022 15:20:09 no such element: Unable to locate element: {"method":"css selector","selector":".icbu-certificate-icon.icbu-certificate-icon-verified.supplier-tag-verified"}
  (Session info: chrome=97.0.4692.71)
23.01.2022 15:20:10 no such element: Unable to locate element: {"method":"css selector","selector":".element-promotion-shipping-price__shipping"}
  (Session info: chrome=97.0.4692.71)
23.01.2022 15:20:10 no such element: Unable to locate element: {"method":"css selector","selector":".element-promotion-shipping-price__price"}
  (Session info: chrome=97.0.4692.71)
23.01.2022 15:20:14 Open Url: https://www.alibaba.com/product-detail/Gift-Whiskey-Glasses-Glass-Hot-Sale_1600376844133.html?s=p
23.01.2022 15:21:07 
23.01.2022 15:22:52 start parse...
23.01.2022 15:22:56 log ID: 619
23.01.2022 15:22:56 Parse Url(Title): https://www.alibaba.com/trade/search?IndexArea=product_en&SearchText=Glencairn+Whisky+Glass+in+Gift+Carton%2C+Set+of+2+in&moqt=2&ta=y&f0=y&pricef=1&pricet=6.25&Country=CN
23.01.2022 15:23:49 no such element: Unable to locate element: {"method":"css selector","selector":".promotion-activity-tag pc"}
  (Session info: chrome=97.0.4692.71)
23.01.2022 15:23:50 no such element: Unable to locate element: {"method":"css selector","selector":".element-key-parameters-p"}
  (Session info: chrome=97.0.4692.71)
23.01.2022 15:23:50 invalid selector: An invalid or illegal selector was specified
  (Session info: chrome=97.0.4692.71)
23.01.2022 15:23:51 no such element: Unable to locate element: {"method":"css selector","selector":".element-promotion-shipping-price__shipping"}
  (Session info: chrome=97.0.4692.71)
23.01.2022 15:23:51 no such element: Unable to locate element: {"method":"css selector","selector":".element-promotion-shipping-price__price"}
  (Session info: chrome=97.0.4692.71)
23.01.2022 15:23:55 Open Url: https://www.alibaba.com/product-detail/Glass-Whisky-Gift-Whisky-Set-Unique_1600241737557.html?s=p
23.01.2022 15:24:47 
23.01.2022 15:25:31 start parse...
23.01.2022 15:25:35 log ID: 620
23.01.2022 15:25:35 Parse Url(Title): https://www.alibaba.com/trade/search?IndexArea=product_en&SearchText=Glencairn+Whisky+Glass+in+Gift+Carton%2C+Set+of+2+in&moqt=2&ta=y&f0=y&pricef=1&pricet=6.25&Country=CN
23.01.2022 15:26:28 element click intercepted: Element ... is not clickable at point (603, 8). Other element would receive the click: ...
  (Session info: chrome=97.0.4692.71)
23.01.2022 15:26:29 no such element: Unable to locate element: {"method":"css selector","selector":".promotion-activity-tag pc"}
  (Session info: chrome=97.0.4692.71)
23.01.2022 15:26:29 no such element: Unable to locate element: {"method":"css selector","selector":".element-key-parameters-p"}
  (Session info: chrome=97.0.4692.71)
23.01.2022 15:26:29 invalid selector: An invalid or illegal selector was specified
  (Session info: chrome=97.0.4692.71)
23.01.2022 15:26:30 no such element: Unable to locate element: {"method":"css selector","selector":".icbu-certificate-icon.icbu-certificate-icon-verified.supplier-tag-verified"}
  (Session info: chrome=97.0.4692.71)
23.01.2022 15:26:30 no such element: Unable to locate element: {"method":"css selector","selector":".element-promotion-shipping-price__shipping"}
  (Session info: chrome=97.0.4692.71)
23.01.2022 15:26:30 no such element: Unable to locate element: {"method":"css selector","selector":".element-promotion-shipping-price__price"}
  (Session info: chrome=97.0.4692.71)
23.01.2022 15:26:31 Open Url: https://www.alibaba.com/product-detail/Gift-Whiskey-Glasses-Glass-Hot-Sale_1600376844133.html?s=p
23.01.2022 15:27:32 
23.01.2022 15:29:38 start parse...
23.01.2022 15:29:43 log ID: 621
23.01.2022 15:29:43 Parse Url(Title): https://www.alibaba.com/trade/search?IndexArea=product_en&SearchText=Glencairn+Whisky+Glass+in+Gift+Carton%2C+Set+of+2+in&moqt=2&ta=y&f0=y&pricef=1&pricet=6.25&Country=CN
23.01.2022 15:30:36 no such element: Unable to locate element: {"method":"css selector","selector":".promotion-activity-tag pc"}
  (Session info: chrome=97.0.4692.71)
23.01.2022 15:30:37 no such element: Unable to locate element: {"method":"css selector","selector":".element-key-parameters-p"}
  (Session info: chrome=97.0.4692.71)
23.01.2022 15:30:37 invalid selector: An invalid or illegal selector was specified
  (Session info: chrome=97.0.4692.71)
23.01.2022 15:30:38 no such element: Unable to locate element: {"method":"css selector","selector":".element-promotion-shipping-price__shipping"}
  (Session info: chrome=97.0.4692.71)
23.01.2022 15:30:39 no such element: Unable to locate element: {"method":"css selector","selector":".element-promotion-shipping-price__price"}
  (Session info: chrome=97.0.4692.71)
23.01.2022 15:30:42 Open Url: https://www.alibaba.com/product-detail/Glass-Whisky-Gift-Whisky-Set-Unique_1600241737557.html?s=p
23.01.2022 15:31:41 javascript error: Cannot set properties of null (setting 'value')
  (Session info: chrome=97.0.4692.71)
23.01.2022 15:31:42 javascript error: Cannot set properties of null (setting 'value')
  (Session info: chrome=97.0.4692.71)
23.01.2022 15:31:51 stale element reference: element is not attached to the page document
  (Session info: chrome=97.0.4692.71)
23.01.2022 15:32:19 start parse...
23.01.2022 15:32:24 log ID: 622
23.01.2022 15:32:24 Parse Url(Title): https://www.alibaba.com/trade/search?IndexArea=product_en&SearchText=Glencairn+Whisky+Glass+in+Gift+Carton%2C+Set+of+2+in&moqt=2&ta=y&f0=y&pricef=1&pricet=6.25&Country=CN
23.01.2022 15:33:14 no such element: Unable to locate element: {"method":"css selector","selector":".promotion-activity-tag pc"}
  (Session info: chrome=97.0.4692.71)
23.01.2022 15:33:15 no such element: Unable to locate element: {"method":"css selector","selector":".element-key-parameters-p"}
  (Session info: chrome=97.0.4692.71)
23.01.2022 15:33:15 invalid selector: An invalid or illegal selector was specified
  (Session info: chrome=97.0.4692.71)
23.01.2022 15:33:17 no such element: Unable to locate element: {"method":"css selector","selector":".element-promotion-shipping-price__shipping"}
  (Session info: chrome=97.0.4692.71)
23.01.2022 15:33:17 no such element: Unable to locate element: {"method":"css selector","selector":".element-promotion-shipping-price__price"}
  (Session info: chrome=97.0.4692.71)
23.01.2022 15:33:20 Open Url: https://www.alibaba.com/product-detail/Glass-Whisky-Gift-Whisky-Set-Unique_1600241737557.html?s=p
23.01.2022 15:34:25 javascript error: Cannot set properties of null (setting 'value')
  (Session info: chrome=97.0.4692.71)
23.01.2022 15:34:25 javascript error: Cannot set properties of null (setting 'value')
  (Session info: chrome=97.0.4692.71)
23.01.2022 15:34:35 stale element reference: element is not attached to the page document
  (Session info: chrome=97.0.4692.71)
23.01.2022 15:34:36 total time: 2.2
23.01.2022 15:48:37 start parse...
23.01.2022 15:48:41 log ID: 623
23.01.2022 15:48:41 total time: 0
23.01.2022 15:48:49 start parse...
23.01.2022 15:48:53 log ID: 624
23.01.2022 15:48:53 Parse Url(Title): https://www.alibaba.com/trade/search?IndexArea=product_en&SearchText=Glencairn+Whisky+Glass+in+Gift+Carton%2C+Set+of+2+in&moqt=2&ta=y&f0=y&pricef=1&pricet=6.25&Country=CN
23.01.2022 15:49:28 no such element: Unable to locate element: {"method":"css selector","selector":".promotion-activity-tag pc"}
  (Session info: chrome=97.0.4692.71)
23.01.2022 15:49:29 no such element: Unable to locate element: {"method":"css selector","selector":".element-key-parameters-p"}
  (Session info: chrome=97.0.4692.71)
23.01.2022 15:49:29 invalid selector: An invalid or illegal selector was specified
  (Session info: chrome=97.0.4692.71)
23.01.2022 15:49:30 no such element: Unable to locate element: {"method":"css selector","selector":".element-promotion-shipping-price__shipping"}
  (Session info: chrome=97.0.4692.71)
23.01.2022 15:49:30 no such element: Unable to locate element: {"method":"css selector","selector":".element-promotion-shipping-price__price"}
  (Session info: chrome=97.0.4692.71)
23.01.2022 15:49:33 no such element: Unable to locate element: {"method":"css selector","selector":".promotion-activity-tag pc"}
  (Session info: chrome=97.0.4692.71)
23.01.2022 15:49:34 no such element: Unable to locate element: {"method":"css selector","selector":".element-key-parameters-p"}
  (Session info: chrome=97.0.4692.71)
23.01.2022 15:49:34 invalid selector: An invalid or illegal selector was specified
  (Session info: chrome=97.0.4692.71)
23.01.2022 15:49:38 no such element: Unable to locate element: {"method":"css selector","selector":".promotion-activity-tag pc"}
  (Session info: chrome=97.0.4692.71)
23.01.2022 15:49:38 no such element: Unable to locate element: {"method":"css selector","selector":".element-key-parameters-p"}
  (Session info: chrome=97.0.4692.71)
23.01.2022 15:49:38 invalid selector: An invalid or illegal selector was specified
  (Session info: chrome=97.0.4692.71)
23.01.2022 15:49:39 no such element: Unable to locate element: {"method":"css selector","selector":".icbu-certificate-icon.icbu-certificate-icon-verified.supplier-tag-verified"}
  (Session info: chrome=97.0.4692.71)
23.01.2022 15:49:39 no such element: Unable to locate element: {"method":"css selector","selector":".element-promotion-shipping-price__shipping"}
  (Session info: chrome=97.0.4692.71)
23.01.2022 15:49:39 no such element: Unable to locate element: {"method":"css selector","selector":".element-promotion-shipping-price__price"}
  (Session info: chrome=97.0.4692.71)
23.01.2022 15:49:42 no such element: Unable to locate element: {"method":"css selector","selector":".promotion-activity-tag pc"}
  (Session info: chrome=97.0.4692.71)
23.01.2022 15:49:42 no such element: Unable to locate element: {"method":"css selector","selector":".element-key-parameters-p"}
  (Session info: chrome=97.0.4692.71)
23.01.2022 15:49:42 invalid selector: An invalid or illegal selector was specified
  (Session info: chrome=97.0.4692.71)
23.01.2022 15:49:55 no such element: Unable to locate element: {"method":"css selector","selector":".supplier-tag-popup__content_href"}
  (Session info: chrome=97.0.4692.71)
23.01.2022 15:49:55 no such element: Unable to locate element: {"method":"css selector","selector":".promotion-activity-tag pc"}
  (Session info: chrome=97.0.4692.71)
23.01.2022 15:49:55 no such element: Unable to locate element: {"method":"css selector","selector":".element-key-parameters-p"}
  (Session info: chrome=97.0.4692.71)
23.01.2022 15:49:55 invalid selector: An invalid or illegal selector was specified
  (Session info: chrome=97.0.4692.71)
23.01.2022 15:49:56 no such element: Unable to locate element: {"method":"css selector","selector":".seb-supplier-review__reviews"}
  (Session info: chrome=97.0.4692.71)
23.01.2022 15:49:56 no such element: Unable to locate element: {"method":"css selector","selector":".icbu-certificate-icon.icbu-certificate-icon-verified.supplier-tag-verified"}
  (Session info: chrome=97.0.4692.71)
23.01.2022 15:50:08 no such element: Unable to locate element: {"method":"css selector","selector":".supplier-tag-popup__content_href"}
  (Session info: chrome=97.0.4692.71)
23.01.2022 15:50:08 no such element: Unable to locate element: {"method":"css selector","selector":".promotion-activity-tag pc"}
  (Session info: chrome=97.0.4692.71)
23.01.2022 15:50:09 no such element: Unable to locate element: {"method":"css selector","selector":".element-key-parameters-p"}
  (Session info: chrome=97.0.4692.71)
23.01.2022 15:50:09 invalid selector: An invalid or illegal selector was specified
  (Session info: chrome=97.0.4692.71)
23.01.2022 15:50:09 no such element: Unable to locate element: {"method":"css selector","selector":".elements-offer-price-normal"}
  (Session info: chrome=97.0.4692.71)
23.01.2022 15:50:09 no such element: Unable to locate element: {"method":"css selector","selector":".elements-offer-price-normal__price"}
  (Session info: chrome=97.0.4692.71)
23.01.2022 15:50:11 no such element: Unable to locate element: {"method":"css selector","selector":".promotion-activity-tag pc"}
  (Session info: chrome=97.0.4692.71)
23.01.2022 15:50:12 no such element: Unable to locate element: {"method":"css selector","selector":".element-key-parameters-p"}
  (Session info: chrome=97.0.4692.71)
23.01.2022 15:50:12 invalid selector: An invalid or illegal selector was specified
  (Session info: chrome=97.0.4692.71)
23.01.2022 15:50:12 no such element: Unable to locate element: {"method":"css selector","selector":".icbu-certificate-icon.icbu-certificate-icon-verified.supplier-tag-verified"}
  (Session info: chrome=97.0.4692.71)
23.01.2022 15:50:15 no such element: Unable to locate element: {"method":"css selector","selector":".promotion-activity-tag pc"}
  (Session info: chrome=97.0.4692.71)
23.01.2022 15:50:16 no such element: Unable to locate element: {"method":"css selector","selector":".element-key-parameters-p"}
  (Session info: chrome=97.0.4692.71)
23.01.2022 15:50:16 invalid selector: An invalid or illegal selector was specified
  (Session info: chrome=97.0.4692.71)
23.01.2022 15:50:17 no such element: Unable to locate element: {"method":"css selector","selector":".icbu-certificate-icon.icbu-certificate-icon-verified.supplier-tag-verified"}
  (Session info: chrome=97.0.4692.71)
23.01.2022 15:50:18 no such element: Unable to locate element: {"method":"css selector","selector":".element-promotion-shipping-price__shipping"}
  (Session info: chrome=97.0.4692.71)
23.01.2022 15:50:18 no such element: Unable to locate element: {"method":"css selector","selector":".element-promotion-shipping-price__price"}
  (Session info: chrome=97.0.4692.71)
23.01.2022 15:50:19 no such element: Unable to locate element: {"method":"css selector","selector":".promotion-activity-tag pc"}
  (Session info: chrome=97.0.4692.71)
23.01.2022 15:50:19 no such element: Unable to locate element: {"method":"css selector","selector":".element-key-parameters-p"}
  (Session info: chrome=97.0.4692.71)
23.01.2022 15:50:20 invalid selector: An invalid or illegal selector was specified
  (Session info: chrome=97.0.4692.71)
23.01.2022 15:50:21 no such element: Unable to locate element: {"method":"css selector","selector":".icbu-certificate-icon.icbu-certificate-icon-verified.supplier-tag-verified"}
  (Session info: chrome=97.0.4692.71)
23.01.2022 15:50:21 no such element: Unable to locate element: {"method":"css selector","selector":".element-promotion-shipping-price__shipping"}
  (Session info: chrome=97.0.4692.71)
23.01.2022 15:50:21 no such element: Unable to locate element: {"method":"css selector","selector":".element-promotion-shipping-price__price"}
  (Session info: chrome=97.0.4692.71)
23.01.2022 15:50:23 no such element: Unable to locate element: {"method":"css selector","selector":".promotion-activity-tag pc"}
  (Session info: chrome=97.0.4692.71)
23.01.2022 15:50:23 no such element: Unable to locate element: {"method":"css selector","selector":".element-key-parameters-p"}
  (Session info: chrome=97.0.4692.71)
23.01.2022 15:50:24 invalid selector: An invalid or illegal selector was specified
  (Session info: chrome=97.0.4692.71)
23.01.2022 15:50:25 no such element: Unable to locate element: {"method":"css selector","selector":".seb-supplier-review__reviews"}
  (Session info: chrome=97.0.4692.71)
23.01.2022 15:50:25 no such element: Unable to locate element: {"method":"css selector","selector":".icbu-certificate-icon.icbu-certificate-icon-verified.supplier-tag-verified"}
  (Session info: chrome=97.0.4692.71)
23.01.2022 15:50:27 Open Url: https://www.alibaba.com/product-detail/Glass-Whisky-Gift-Whisky-Set-Unique_1600241737557.html?s=p
23.01.2022 15:51:14 javascript error: Cannot set properties of null (setting 'value')
  (Session info: chrome=97.0.4692.71)
23.01.2022 15:51:15 javascript error: Cannot set properties of null (setting 'value')
  (Session info: chrome=97.0.4692.71)
23.01.2022 15:51:21 stale element reference: element is not attached to the page document
  (Session info: chrome=97.0.4692.71)
23.01.2022 15:51:22 Open Url: https://www.alibaba.com/product-detail/Glass-Whisky-Glass-World-Glass-Decanter_62569567987.html?s=p
23.01.2022 15:51:49 no such element: Unable to locate element: {"method":"css selector","selector":".module_companycard .business-type-lite"}
  (Session info: chrome=97.0.4692.71)
23.01.2022 15:51:49 no such element: Unable to locate element: {"method":"css selector","selector":".module_companycard .business-type-lite"}
  (Session info: chrome=97.0.4692.71)
23.01.2022 15:51:50 no such element: Unable to locate element: {"method":"css selector","selector":".module_companycard .business-type-lite"}
  (Session info: chrome=97.0.4692.71)
23.01.2022 15:51:51 no such element: Unable to locate element: {"method":"css selector","selector":".ui2-balloon .sku-all-quantity"}
  (Session info: chrome=97.0.4692.71)
23.01.2022 15:51:51 no such element: Unable to locate element: {"method":"css selector","selector":".module_companycard .business-type-lite"}
  (Session info: chrome=97.0.4692.71)
23.01.2022 15:51:51 no such element: Unable to locate element: {"method":"css selector","selector":".module_companycard .business-type-lite"}
  (Session info: chrome=97.0.4692.71)
23.01.2022 15:51:51 no such element: Unable to locate element: {"method":"css selector","selector":".price"}
  (Session info: chrome=97.0.4692.71)
23.01.2022 15:51:51 no such element: Unable to locate element: {"method":"css selector","selector":".module_companycard .business-type-lite"}
  (Session info: chrome=97.0.4692.71)
23.01.2022 15:51:53 no such element: Unable to locate element: {"method":"css selector","selector":".module_companycard .business-type-lite"}
  (Session info: chrome=97.0.4692.71)
23.01.2022 15:51:53 no such element: Unable to locate element: {"method":"css selector","selector":".module_companycard .business-type-lite"}
  (Session info: chrome=97.0.4692.71)
23.01.2022 15:51:54 no such element: Unable to locate element: {"method":"css selector","selector":".price"}
  (Session info: chrome=97.0.4692.71)
23.01.2022 15:51:54 no such element: Unable to locate element: {"method":"css selector","selector":".module_companycard .business-type-lite"}
  (Session info: chrome=97.0.4692.71)
23.01.2022 15:52:01 stale element reference: element is not attached to the page document
  (Session info: chrome=97.0.4692.71)
23.01.2022 15:52:02 Open Url: https://www.alibaba.com/product-detail/Whisky-Glass-Custom-750ml-Crystal-Lead_1600424723430.html?s=p
23.01.2022 15:52:41 javascript error: Cannot set properties of null (setting 'value')
  (Session info: chrome=97.0.4692.71)
23.01.2022 15:52:42 javascript error: Cannot set properties of null (setting 'value')
  (Session info: chrome=97.0.4692.71)
23.01.2022 15:52:57 stale element reference: element is not attached to the page document
  (Session info: chrome=97.0.4692.71)
23.01.2022 15:52:57 Open Url: https://www.alibaba.com/product-detail/Glass-Whiskey-Whisky-Whiskey-Set-Wholesale_62452085303.html?s=p
23.01.2022 15:53:57 no such element: Unable to locate element: {"method":"css selector","selector":".module_companycard .business-type-lite"}
  (Session info: chrome=97.0.4692.71)
23.01.2022 15:53:58 no such element: Unable to locate element: {"method":"css selector","selector":".module_companycard .business-type-lite"}
  (Session info: chrome=97.0.4692.71)
23.01.2022 15:53:58 no such element: Unable to locate element: {"method":"css selector","selector":".module_companycard .business-type-lite"}
  (Session info: chrome=97.0.4692.71)
23.01.2022 15:53:59 no such element: Unable to locate element: {"method":"css selector","selector":".ui2-balloon .sku-all-quantity"}
  (Session info: chrome=97.0.4692.71)
23.01.2022 15:53:59 no such element: Unable to locate element: {"method":"css selector","selector":".module_companycard .business-type-lite"}
  (Session info: chrome=97.0.4692.71)
23.01.2022 15:54:00 no such element: Unable to locate element: {"method":"css selector","selector":".module_companycard .business-type-lite"}
  (Session info: chrome=97.0.4692.71)
23.01.2022 15:54:00 no such element: Unable to locate element: {"method":"css selector","selector":".price"}
  (Session info: chrome=97.0.4692.71)
23.01.2022 15:54:00 no such element: Unable to locate element: {"method":"css selector","selector":".module_companycard .business-type-lite"}
  (Session info: chrome=97.0.4692.71)
23.01.2022 15:54:01 no such element: Unable to locate element: {"method":"css selector","selector":".module_companycard .business-type-lite"}
  (Session info: chrome=97.0.4692.71)
23.01.2022 15:54:01 no such element: Unable to locate element: {"method":"css selector","selector":".module_companycard .business-type-lite"}
  (Session info: chrome=97.0.4692.71)
23.01.2022 15:54:02 no such element: Unable to locate element: {"method":"css selector","selector":".price"}
  (Session info: chrome=97.0.4692.71)
23.01.2022 15:54:02 no such element: Unable to locate element: {"method":"css selector","selector":".module_companycard .business-type-lite"}
  (Session info: chrome=97.0.4692.71)
23.01.2022 15:54:09 stale element reference: element is not attached to the page document
  (Session info: chrome=97.0.4692.71)
23.01.2022 15:54:09 Open Url: https://www.alibaba.com/product-detail/Glassware-Diamond-Whiskey-Glasses-Lead-Free_743608585.html
23.01.2022 15:54:32 no such element: Unable to locate element: {"method":"css selector","selector":".module_companycard .business-type-lite"}
  (Session info: chrome=97.0.4692.71)
23.01.2022 15:54:33 no such element: Unable to locate element: {"method":"css selector","selector":".module_companycard .business-type-lite"}
  (Session info: chrome=97.0.4692.71)
23.01.2022 15:54:33 no such element: Unable to locate element: {"method":"css selector","selector":".module_companycard .business-type-lite"}
  (Session info: chrome=97.0.4692.71)
23.01.2022 15:54:34 no such element: Unable to locate element: {"method":"css selector","selector":".ui2-balloon .sku-all-quantity"}
  (Session info: chrome=97.0.4692.71)
23.01.2022 15:54:34 no such element: Unable to locate element: {"method":"css selector","selector":".module_companycard .business-type-lite"}
  (Session info: chrome=97.0.4692.71)
23.01.2022 15:54:34 no such element: Unable to locate element: {"method":"css selector","selector":".module_companycard .business-type-lite"}
  (Session info: chrome=97.0.4692.71)
23.01.2022 15:54:34 no such element: Unable to locate element: {"method":"css selector","selector":".price"}
  (Session info: chrome=97.0.4692.71)
23.01.2022 15:54:34 no such element: Unable to locate element: {"method":"css selector","selector":".module_companycard .business-type-lite"}
  (Session info: chrome=97.0.4692.71)
23.01.2022 15:54:35 no such element: Unable to locate element: {"method":"css selector","selector":".module_companycard .business-type-lite"}
  (Session info: chrome=97.0.4692.71)
23.01.2022 15:54:36 no such element: Unable to locate element: {"method":"css selector","selector":".module_companycard .business-type-lite"}
  (Session info: chrome=97.0.4692.71)
23.01.2022 15:54:36 no such element: Unable to locate element: {"method":"css selector","selector":".module_companycard .business-type-lite"}
  (Session info: chrome=97.0.4692.71)
23.01.2022 15:54:44 no such element: Unable to locate element: {"method":"css selector","selector":".business-type-lite"}
  (Session info: chrome=97.0.4692.71)
23.01.2022 15:54:44 stale element reference: element is not attached to the page document
  (Session info: chrome=97.0.4692.71)
23.01.2022 15:54:44 Open Url: https://www.alibaba.com/product-detail/selling-in-Amazion-Premium-Crystal-10_62496946293.html
23.01.2022 15:55:12 no such element: Unable to locate element: {"method":"css selector","selector":".module_companycard .business-type-lite"}
  (Session info: chrome=97.0.4692.71)
23.01.2022 15:55:13 no such element: Unable to locate element: {"method":"css selector","selector":".module_companycard .business-type-lite"}
  (Session info: chrome=97.0.4692.71)
23.01.2022 15:55:14 no such element: Unable to locate element: {"method":"css selector","selector":".module_companycard .business-type-lite"}
  (Session info: chrome=97.0.4692.71)
23.01.2022 15:55:15 no such element: Unable to locate element: {"method":"css selector","selector":".ui2-balloon .sku-all-quantity"}
  (Session info: chrome=97.0.4692.71)
23.01.2022 15:55:15 no such element: Unable to locate element: {"method":"css selector","selector":".module_companycard .business-type-lite"}
  (Session info: chrome=97.0.4692.71)
23.01.2022 15:55:15 no such element: Unable to locate element: {"method":"css selector","selector":".module_companycard .business-type-lite"}
  (Session info: chrome=97.0.4692.71)
23.01.2022 15:55:15 no such element: Unable to locate element: {"method":"css selector","selector":".price"}
  (Session info: chrome=97.0.4692.71)
23.01.2022 15:55:15 no such element: Unable to locate element: {"method":"css selector","selector":".module_companycard .business-type-lite"}
  (Session info: chrome=97.0.4692.71)
23.01.2022 15:55:20 no such element: Unable to locate element: {"method":"css selector","selector":".module_companycard .business-type-lite"}
  (Session info: chrome=97.0.4692.71)
23.01.2022 15:55:21 no such element: Unable to locate element: {"method":"css selector","selector":".module_companycard .business-type-lite"}
  (Session info: chrome=97.0.4692.71)
23.01.2022 15:55:21 no such element: Unable to locate element: {"method":"css selector","selector":".module_companycard .business-type-lite"}
  (Session info: chrome=97.0.4692.71)
23.01.2022 15:55:27 stale element reference: element is not attached to the page document
  (Session info: chrome=97.0.4692.71)
23.01.2022 15:55:27 Open Url: https://www.alibaba.com/product-detail/Manufacture-customized-premium-quality-whiskey-glass_1600260769259.html
23.01.2022 15:55:51 no such element: Unable to locate element: {"method":"css selector","selector":".module_companycard .business-type-lite"}
  (Session info: chrome=97.0.4692.71)
23.01.2022 15:55:51 no such element: Unable to locate element: {"method":"css selector","selector":".module_companycard .business-type-lite"}
  (Session info: chrome=97.0.4692.71)
23.01.2022 15:55:51 no such element: Unable to locate element: {"method":"css selector","selector":".module_companycard .business-type-lite"}
  (Session info: chrome=97.0.4692.71)
23.01.2022 15:55:52 no such element: Unable to locate element: {"method":"css selector","selector":".ui2-balloon .sku-all-quantity"}
  (Session info: chrome=97.0.4692.71)
23.01.2022 15:55:53 no such element: Unable to locate element: {"method":"css selector","selector":".module_companycard .business-type-lite"}
  (Session info: chrome=97.0.4692.71)
23.01.2022 15:55:53 no such element: Unable to locate element: {"method":"css selector","selector":".module_companycard .business-type-lite"}
  (Session info: chrome=97.0.4692.71)
23.01.2022 15:55:53 no such element: Unable to locate element: {"method":"css selector","selector":".module_companycard .business-type-lite"}
  (Session info: chrome=97.0.4692.71)
23.01.2022 15:55:55 no such element: Unable to locate element: {"method":"css selector","selector":".module_companycard .business-type-lite"}
  (Session info: chrome=97.0.4692.71)
23.01.2022 15:55:56 no such element: Unable to locate element: {"method":"css selector","selector":".module_companycard .business-type-lite"}
  (Session info: chrome=97.0.4692.71)
23.01.2022 15:55:56 no such element: Unable to locate element: {"method":"css selector","selector":".module_companycard .business-type-lite"}
  (Session info: chrome=97.0.4692.71)
23.01.2022 15:56:06 stale element reference: element is not attached to the page document
  (Session info: chrome=97.0.4692.71)
23.01.2022 15:56:06 Open Url: https://www.alibaba.com/product-detail/Whiskey-Stones-and-Glass-Set-8_1600232700306.html
23.01.2022 15:56:45 javascript error: Cannot set properties of null (setting 'value')
  (Session info: chrome=97.0.4692.71)
23.01.2022 15:56:45 javascript error: Cannot set properties of null (setting 'value')
  (Session info: chrome=97.0.4692.71)
23.01.2022 15:56:51 stale element reference: element is not attached to the page document
  (Session info: chrome=97.0.4692.71)
23.01.2022 15:56:52 Open Url: https://www.alibaba.com/product-detail/amazon-top-sale-handmade-750ML-whiskey_1600377084353.html
23.01.2022 15:57:26 no such element: Unable to locate element: {"method":"css selector","selector":".ma-price-promotion"}
  (Session info: chrome=97.0.4692.71)
23.01.2022 15:57:26 javascript error: Cannot set properties of null (setting 'value')
  (Session info: chrome=97.0.4692.71)
23.01.2022 15:57:26 javascript error: Cannot set properties of null (setting 'value')
  (Session info: chrome=97.0.4692.71)
23.01.2022 15:57:30 stale element reference: element is not attached to the page document
  (Session info: chrome=97.0.4692.71)
23.01.2022 15:57:31 Open Url: https://www.alibaba.com/product-detail/Goods-in-Stock-Whiskey-Stones-and_1600327310797.html
23.01.2022 15:58:00 no such element: Unable to locate element: {"method":"css selector","selector":".module_companycard .business-type-lite"}
  (Session info: chrome=97.0.4692.71)
23.01.2022 15:58:00 no such element: Unable to locate element: {"method":"css selector","selector":".module_companycard .business-type-lite"}
  (Session info: chrome=97.0.4692.71)
23.01.2022 15:58:01 no such element: Unable to locate element: {"method":"css selector","selector":".module_companycard .business-type-lite"}
  (Session info: chrome=97.0.4692.71)
23.01.2022 15:58:03 no such element: Unable to locate element: {"method":"css selector","selector":".module_companycard .business-type-lite"}
  (Session info: chrome=97.0.4692.71)
23.01.2022 15:58:03 no such element: Unable to locate element: {"method":"css selector","selector":".module_companycard .business-type-lite"}
  (Session info: chrome=97.0.4692.71)
23.01.2022 15:58:03 no such element: Unable to locate element: {"method":"css selector","selector":".price"}
  (Session info: chrome=97.0.4692.71)
23.01.2022 15:58:03 no such element: Unable to locate element: {"method":"css selector","selector":".module_companycard .business-type-lite"}
  (Session info: chrome=97.0.4692.71)
23.01.2022 15:58:04 no such element: Unable to locate element: {"method":"css selector","selector":".module_companycard .business-type-lite"}
  (Session info: chrome=97.0.4692.71)
23.01.2022 15:58:05 no such element: Unable to locate element: {"method":"css selector","selector":".module_companycard .business-type-lite"}
  (Session info: chrome=97.0.4692.71)
23.01.2022 15:58:05 no such element: Unable to locate element: {"method":"css selector","selector":".module_companycard .business-type-lite"}
  (Session info: chrome=97.0.4692.71)
23.01.2022 15:58:11 stale element reference: element is not attached to the page document
  (Session info: chrome=97.0.4692.71)
23.01.2022 15:58:12 total time: 9.32
26.01.2022 09:43:08 start parse...
26.01.2022 09:43:12 Curl error thrown for http POST to /session with params: {"capabilities":{"firstMatch":[{"browserName":"chrome"}]},"desiredCapabilities":{"browserName":"chrome","platform":"ANY"}}

Failed to connect to localhost port 4444: Connection refused
26.01.2022 09:43:12 log ID: 10
26.01.2022 09:43:12 Parse Url(Title): https://www.alibaba.com/trade/search?IndexArea=product_en&CatId=26&SearchText=ESC+WELT+Space+Box+Birch+Wood+Puzzle+Box+with&assessment_company=ASS&moqt=19&ta=y&f0=y&pricef=1&pricet=35.44&Country=CN
26.01.2022 09:43:35 start parse...
26.01.2022 09:43:39 Curl error thrown for http POST to /session with params: {"capabilities":{"firstMatch":[{"browserName":"chrome"}]},"desiredCapabilities":{"browserName":"chrome","platform":"ANY"}}

Failed to connect to localhost port 4444: Connection refused
26.01.2022 09:43:39 log ID: 11
26.01.2022 09:43:39 Parse Url(Title): https://www.alibaba.com/trade/search?IndexArea=product_en&CatId=26&SearchText=ESC+WELT+Space+Box+Birch+Wood+Puzzle+Box+with&assessment_company=ASS&moqt=19&ta=y&f0=y&pricef=1&pricet=35.44&Country=CN
