04.11.2021 13:33:48 start parse...
04.11.2021 13:33:48 limits: 0/0
04.11.2021 13:33:48 ---------------------------------------------------
04.11.2021 13:33:48 max_execution_time: 864000 sec
04.11.2021 13:33:48 memory_limit: 4048M
04.11.2021 13:33:48 error_log: D:\ftp\parser_v1\web/error_log.txt
04.11.2021 13:33:48 ---------------------------------------------------
04.11.2021 13:33:48 log ID: 84
04.11.2021 13:33:48 ---------------------------------------------------
04.11.2021 13:33:48   - total urls: 0
04.11.2021 13:33:48   - restore ON
04.11.2021 13:33:48 $cnt_all: 0
04.11.2021 13:33:48 new ready items: 0
04.11.2021 13:33:48 new add items: 0
04.11.2021 13:33:48 update items: 0
04.11.2021 13:33:48 empty brand: 0
04.11.2021 13:33:48 deleted (brand/famous): 0
04.11.2021 13:33:48 deleted (abandoned): 0
04.11.2021 13:33:48 total time: 0 min (0) / sleep: 0 min (0)
04.11.2021 13:33:48 end...
